2025.12.14 10:41:03 INFO  Started: Metals version 1.6.4 in folders 'C:\Users\Yukako\workspace\scala-study' for client Visual Studio Code 1.107.0.
2025.12.14 10:41:04 WARN  Using H2 2.4.240 which is newer than the version Flyway has been verified with. The latest verified version of H2 is 2.3.232.
2025.12.14 10:41:05 INFO  Attempting to connect to the build server...
2025.12.14 10:41:06 WARN  no build target for: C:\Users\Yukako\workspace\scala-study\project\metals.sbt
2025.12.14 10:41:06 WARN  no build target for: C:\Users\Yukako\workspace\scala-study\project\project\metals.sbt
2025.12.14 10:41:06 INFO  no build target found for C:\Users\Yukako\workspace\scala-study\project\metals.sbt. Using presentation compiler with project's scala-library version: 3.3.6
2025.12.14 10:41:07 INFO  no build target found for C:\Users\Yukako\workspace\scala-study\Main.scala. Using presentation compiler with project's scala-library version: 3.3.6
2025.12.14 10:41:13 INFO  no build target found for C:\Users\Yukako\workspace\scala-study\project\project\metals.sbt. Using presentation compiler with project's scala-library version: 3.3.6
2025.12.14 10:41:13 INFO  no build target found for C:\Users\Yukako\workspace\scala-study\Main.scala. Using presentation compiler with project's scala-library version: 3.3.6
12åé 14, 2025 10:41:13 åﬂëO org.eclipse.lsp4j.jsonrpc.RemoteEndpoint handleCancellation
åxçê: Unmatched cancel notification for request id 10
2025.12.14 10:41:13 INFO  no build target found for C:\Users\Yukako\workspace\scala-study\Main.scala. Using presentation compiler with project's scala-library version: 3.3.6
12åé 14, 2025 10:41:13 åﬂëO org.eclipse.lsp4j.jsonrpc.RemoteEndpoint handleCancellation
åxçê: Unmatched cancel notification for request id 11
12åé 14, 2025 10:41:13 åﬂëO org.eclipse.lsp4j.jsonrpc.RemoteEndpoint handleCancellation
åxçê: Unmatched cancel notification for request id 7
2025.12.14 10:41:13 INFO  no build target found for C:\Users\Yukako\workspace\scala-study\Main.scala. Using presentation compiler with project's scala-library version: 3.3.6
2025.12.14 10:41:13 WARN  no build target for: C:\Users\Yukako\workspace\scala-study\Main.scala
12åé 14, 2025 10:41:13 åﬂëO org.eclipse.lsp4j.jsonrpc.RemoteEndpoint handleCancellation
åxçê: Unmatched cancel notification for request id 15
2025.12.14 10:41:14 INFO  no build target found for C:\Users\Yukako\workspace\scala-study\Main.scala. Using presentation compiler with project's scala-library version: 3.3.6
2025.12.14 10:41:16 INFO  no build target found for C:\Users\Yukako\workspace\scala-study\Main.scala. Using presentation compiler with project's scala-library version: 3.3.6
2025.12.14 10:41:16 INFO  no build target found for C:\Users\Yukako\workspace\scala-study\Main.scala. Using presentation compiler with project's scala-library version: 3.3.6
2025.12.14 10:41:17 INFO  no build target found for C:\Users\Yukako\workspace\scala-study\Main.scala. Using presentation compiler with project's scala-library version: 3.3.6
2025.12.14 10:41:19 INFO  no build target found for C:\Users\Yukako\workspace\scala-study\Main.scala. Using presentation compiler with project's scala-library version: 3.3.6
2025.12.14 10:41:19 WARN  no build target for: C:\Users\Yukako\workspace\scala-study\Main.scala
2025.12.14 10:41:19 INFO  no build target found for C:\Users\Yukako\workspace\scala-study\Main.scala. Using presentation compiler with project's scala-library version: 3.3.6
2025.12.14 10:41:19 INFO  no build target found for C:\Users\Yukako\workspace\scala-study\Main.scala. Using presentation compiler with project's scala-library version: 3.3.6
2025.12.14 10:41:19 ERROR Failed to connect with build server, no functionality will work.
java.util.concurrent.TimeoutException: Future timed out after [15 seconds]
	at scala.concurrent.Future$.timeoutError(Future.scala:581)
	at scala.concurrent.impl.Promise$DefaultPromise.tryAwait0(Promise.scala:258)
	at scala.concurrent.impl.Promise$DefaultPromise.result(Promise.scala:271)
	at scala.concurrent.Await$.$anonfun$result$1(package.scala:208)
	at scala.concurrent.BlockContext$DefaultBlockContext$.blockOn(BlockContext.scala:62)
	at scala.concurrent.Await$.result(package.scala:125)
	at scala.meta.internal.metals.MetalsEnrichments$XtensionScalaFuture.$anonfun$withTimeout$1(MetalsEnrichments.scala:295)
	at scala.concurrent.Future$.$anonfun$apply$1(Future.scala:691)
	at scala.concurrent.impl.Promise$Transformation.run(Promise.scala:500)
	at java.util.concurrent.ThreadPoolExecutor.runWorker(ThreadPoolExecutor.java:1136)
	at java.util.concurrent.ThreadPoolExecutor$Worker.run(ThreadPoolExecutor.java:635)
	at java.lang.Thread.run(Thread.java:840)

2025.12.14 10:41:20 INFO  no build target found for C:\Users\Yukako\workspace\scala-study\Main.scala. Using presentation compiler with project's scala-library version: 3.3.6
2025.12.14 10:41:20 WARN  no build target for: C:\Users\Yukako\workspace\scala-study\Main.scala
2025.12.14 10:41:20 INFO  no build target found for C:\Users\Yukako\workspace\scala-study\Main.scala. Using presentation compiler with project's scala-library version: 3.3.6
2025.12.14 10:46:07 INFO  Detected new build tool in C:\Users\Yukako\workspace\scala-study
2025.12.14 10:46:07 INFO  no build target found for C:\Users\Yukako\workspace\scala-study\Main.scala. Using presentation compiler with project's scala-library version: 3.3.6
2025.12.14 10:46:07 INFO  Attempting to connect to the build server...
2025.12.14 10:46:22 ERROR Failed to connect with build server, no functionality will work.
java.util.concurrent.TimeoutException: Future timed out after [15 seconds]
	at scala.concurrent.Future$.timeoutError(Future.scala:581)
	at scala.concurrent.impl.Promise$DefaultPromise.tryAwait0(Promise.scala:258)
	at scala.concurrent.impl.Promise$DefaultPromise.result(Promise.scala:271)
	at scala.concurrent.Await$.$anonfun$result$1(package.scala:208)
	at scala.concurrent.BlockContext$DefaultBlockContext$.blockOn(BlockContext.scala:62)
	at scala.concurrent.Await$.result(package.scala:125)
	at scala.meta.internal.metals.MetalsEnrichments$XtensionScalaFuture.$anonfun$withTimeout$1(MetalsEnrichments.scala:295)
	at scala.concurrent.Future$.$anonfun$apply$1(Future.scala:691)
	at scala.concurrent.impl.Promise$Transformation.run(Promise.scala:500)
	at java.util.concurrent.ThreadPoolExecutor.runWorker(ThreadPoolExecutor.java:1136)
	at java.util.concurrent.ThreadPoolExecutor$Worker.run(ThreadPoolExecutor.java:635)
	at java.lang.Thread.run(Thread.java:840)

2025.12.14 10:46:22 INFO  no build target found for C:\Users\Yukako\workspace\scala-study\Main.scala. Using presentation compiler with project's scala-library version: 3.3.6
12åé 14, 2025 11:21:21 åﬂëO org.eclipse.lsp4j.jsonrpc.services.GenericEndpoint notify
èÓïÒ: Unsupported notification method: $/setTrace
12åé 14, 2025 11:21:21 åﬂëO org.eclipse.lsp4j.jsonrpc.services.GenericEndpoint notify
èÓïÒ: Unsupported notification method: $/setTrace
2025.12.14 11:21:21 INFO  no build target found for C:\Users\Yukako\workspace\scala-study\Main.scala. Using presentation compiler with project's scala-library version: 3.3.6
12åé 14, 2025 11:21:23 åﬂëO org.eclipse.lsp4j.jsonrpc.services.GenericEndpoint notify
èÓïÒ: Unsupported notification method: $/setTrace
2025.12.14 11:23:30 INFO  no build target found for C:\Users\Yukako\workspace\scala-study\Main.scala. Using presentation compiler with project's scala-library version: 3.3.6
2025.12.14 11:23:30 INFO  no build target found for C:\Users\Yukako\workspace\scala-study\Main.scala. Using presentation compiler with project's scala-library version: 3.3.6
2025.12.14 11:23:30 INFO  no build target found for C:\Users\Yukako\workspace\scala-study\Main.scala. Using presentation compiler with project's scala-library version: 3.3.6
2025.12.14 11:23:30 INFO  no build target found for C:\Users\Yukako\workspace\scala-study\Main.scala. Using presentation compiler with project's scala-library version: 3.3.6
2025.12.14 11:23:31 INFO  no build target found for C:\Users\Yukako\workspace\scala-study\Main.scala. Using presentation compiler with project's scala-library version: 3.3.6
2025.12.14 11:23:31 INFO  no build target found for C:\Users\Yukako\workspace\scala-study\Main.scala. Using presentation compiler with project's scala-library version: 3.3.6
2025.12.14 11:23:31 INFO  no build target found for C:\Users\Yukako\workspace\scala-study\Main.scala. Using presentation compiler with project's scala-library version: 3.3.6
2025.12.14 11:23:31 INFO  no build target found for C:\Users\Yukako\workspace\scala-study\Main.scala. Using presentation compiler with project's scala-library version: 3.3.6
2025.12.14 11:23:31 INFO  no build target found for C:\Users\Yukako\workspace\scala-study\Main.scala. Using presentation compiler with project's scala-library version: 3.3.6
2025.12.14 11:23:31 INFO  no build target found for C:\Users\Yukako\workspace\scala-study\Main.scala. Using presentation compiler with project's scala-library version: 3.3.6
2025.12.14 11:23:31 INFO  no build target found for C:\Users\Yukako\workspace\scala-study\Main.scala. Using presentation compiler with project's scala-library version: 3.3.6
2025.12.14 11:23:32 INFO  no build target found for C:\Users\Yukako\workspace\scala-study\Main.scala. Using presentation compiler with project's scala-library version: 3.3.6
2025.12.14 11:23:32 INFO  no build target found for C:\Users\Yukako\workspace\scala-study\Main.scala. Using presentation compiler with project's scala-library version: 3.3.6
2025.12.14 11:23:32 INFO  no build target found for C:\Users\Yukako\workspace\scala-study\Main.scala. Using presentation compiler with project's scala-library version: 3.3.6
2025.12.14 11:23:32 INFO  no build target found for C:\Users\Yukako\workspace\scala-study\Main.scala. Using presentation compiler with project's scala-library version: 3.3.6
2025.12.14 11:23:32 INFO  no build target found for C:\Users\Yukako\workspace\scala-study\Main.scala. Using presentation compiler with project's scala-library version: 3.3.6
12åé 14, 2025 11:23:33 åﬂëO org.eclipse.lsp4j.jsonrpc.RemoteEndpoint handleCancellation
åxçê: Unmatched cancel notification for request id 69
2025.12.14 11:23:32 INFO  no build target found for C:\Users\Yukako\workspace\scala-study\Main.scala. Using presentation compiler with project's scala-library version: 3.3.6
2025.12.14 11:23:33 INFO  no build target found for C:\Users\Yukako\workspace\scala-study\Main.scala. Using presentation compiler with project's scala-library version: 3.3.6
2025.12.14 11:23:32 INFO  no build target found for C:\Users\Yukako\workspace\scala-study\Main.scala. Using presentation compiler with project's scala-library version: 3.3.6
2025.12.14 11:23:33 INFO  no build target found for C:\Users\Yukako\workspace\scala-study\Main.scala. Using presentation compiler with project's scala-library version: 3.3.6
2025.12.14 11:23:33 INFO  no build target found for C:\Users\Yukako\workspace\scala-study\Main.scala. Using presentation compiler with project's scala-library version: 3.3.6
2025.12.14 11:23:33 INFO  no build target found for C:\Users\Yukako\workspace\scala-study\Main.scala. Using presentation compiler with project's scala-library version: 3.3.6
2025.12.14 11:23:33 INFO  no build target found for C:\Users\Yukako\workspace\scala-study\Main.scala. Using presentation compiler with project's scala-library version: 3.3.6
2025.12.14 11:23:33 INFO  no build target found for C:\Users\Yukako\workspace\scala-study\Main.scala. Using presentation compiler with project's scala-library version: 3.3.6
2025.12.14 11:23:33 INFO  no build target found for C:\Users\Yukako\workspace\scala-study\Main.scala. Using presentation compiler with project's scala-library version: 3.3.6
2025.12.14 11:23:34 INFO  no build target found for C:\Users\Yukako\workspace\scala-study\Main.scala. Using presentation compiler with project's scala-library version: 3.3.6
2025.12.14 11:23:33 INFO  no build target found for C:\Users\Yukako\workspace\scala-study\Main.scala. Using presentation compiler with project's scala-library version: 3.3.6
2025.12.14 11:23:33 INFO  no build target found for C:\Users\Yukako\workspace\scala-study\Main.scala. Using presentation compiler with project's scala-library version: 3.3.6
2025.12.14 11:23:33 INFO  no build target found for C:\Users\Yukako\workspace\scala-study\Main.scala. Using presentation compiler with project's scala-library version: 3.3.6
2025.12.14 11:23:34 INFO  no build target found for C:\Users\Yukako\workspace\scala-study\Main.scala. Using presentation compiler with project's scala-library version: 3.3.6
2025.12.14 11:23:34 INFO  no build target found for C:\Users\Yukako\workspace\scala-study\Main.scala. Using presentation compiler with project's scala-library version: 3.3.6
2025.12.14 11:23:34 INFO  no build target found for C:\Users\Yukako\workspace\scala-study\Main.scala. Using presentation compiler with project's scala-library version: 3.3.6
2025.12.14 11:23:34 INFO  no build target found for C:\Users\Yukako\workspace\scala-study\Main.scala. Using presentation compiler with project's scala-library version: 3.3.6
2025.12.14 11:23:34 INFO  no build target found for C:\Users\Yukako\workspace\scala-study\Main.scala. Using presentation compiler with project's scala-library version: 3.3.6
2025.12.14 11:23:34 INFO  no build target found for C:\Users\Yukako\workspace\scala-study\Main.scala. Using presentation compiler with project's scala-library version: 3.3.6
2025.12.14 11:23:34 INFO  no build target found for C:\Users\Yukako\workspace\scala-study\Main.scala. Using presentation compiler with project's scala-library version: 3.3.6
2025.12.14 11:23:34 INFO  no build target found for C:\Users\Yukako\workspace\scala-study\Main.scala. Using presentation compiler with project's scala-library version: 3.3.6
2025.12.14 11:23:34 INFO  no build target found for C:\Users\Yukako\workspace\scala-study\Main.scala. Using presentation compiler with project's scala-library version: 3.3.6
2025.12.14 11:23:34 INFO  no build target found for C:\Users\Yukako\workspace\scala-study\Main.scala. Using presentation compiler with project's scala-library version: 3.3.6
2025.12.14 11:23:35 INFO  no build target found for C:\Users\Yukako\workspace\scala-study\Main.scala. Using presentation compiler with project's scala-library version: 3.3.6
2025.12.14 11:23:34 INFO  no build target found for C:\Users\Yukako\workspace\scala-study\Main.scala. Using presentation compiler with project's scala-library version: 3.3.6
2025.12.14 11:23:34 INFO  no build target found for C:\Users\Yukako\workspace\scala-study\Main.scala. Using presentation compiler with project's scala-library version: 3.3.6
2025.12.14 11:23:35 INFO  no build target found for C:\Users\Yukako\workspace\scala-study\Main.scala. Using presentation compiler with project's scala-library version: 3.3.6
2025.12.14 11:23:35 INFO  no build target found for C:\Users\Yukako\workspace\scala-study\Main.scala. Using presentation compiler with project's scala-library version: 3.3.6
2025.12.14 11:23:35 INFO  no build target found for C:\Users\Yukako\workspace\scala-study\Main.scala. Using presentation compiler with project's scala-library version: 3.3.6
2025.12.14 11:23:35 INFO  no build target found for C:\Users\Yukako\workspace\scala-study\Main.scala. Using presentation compiler with project's scala-library version: 3.3.6
2025.12.14 11:23:35 INFO  no build target found for C:\Users\Yukako\workspace\scala-study\Main.scala. Using presentation compiler with project's scala-library version: 3.3.6
2025.12.14 11:23:35 INFO  no build target found for C:\Users\Yukako\workspace\scala-study\Main.scala. Using presentation compiler with project's scala-library version: 3.3.6
2025.12.14 11:23:35 INFO  no build target found for C:\Users\Yukako\workspace\scala-study\Main.scala. Using presentation compiler with project's scala-library version: 3.3.6
2025.12.14 11:23:35 INFO  no build target found for C:\Users\Yukako\workspace\scala-study\Main.scala. Using presentation compiler with project's scala-library version: 3.3.6
2025.12.14 11:23:35 INFO  no build target found for C:\Users\Yukako\workspace\scala-study\Main.scala. Using presentation compiler with project's scala-library version: 3.3.6
2025.12.14 11:23:35 INFO  no build target found for C:\Users\Yukako\workspace\scala-study\Main.scala. Using presentation compiler with project's scala-library version: 3.3.6
2025.12.14 11:23:35 INFO  no build target found for C:\Users\Yukako\workspace\scala-study\Main.scala. Using presentation compiler with project's scala-library version: 3.3.6
2025.12.14 11:23:35 INFO  no build target found for C:\Users\Yukako\workspace\scala-study\Main.scala. Using presentation compiler with project's scala-library version: 3.3.6
2025.12.14 11:23:35 INFO  no build target found for C:\Users\Yukako\workspace\scala-study\Main.scala. Using presentation compiler with project's scala-library version: 3.3.6
2025.12.14 11:23:36 INFO  no build target found for C:\Users\Yukako\workspace\scala-study\Main.scala. Using presentation compiler with project's scala-library version: 3.3.6
2025.12.14 11:23:35 INFO  no build target found for C:\Users\Yukako\workspace\scala-study\Main.scala. Using presentation compiler with project's scala-library version: 3.3.6
2025.12.14 11:23:35 INFO  no build target found for C:\Users\Yukako\workspace\scala-study\Main.scala. Using presentation compiler with project's scala-library version: 3.3.6
2025.12.14 11:23:36 INFO  no build target found for C:\Users\Yukako\workspace\scala-study\Main.scala. Using presentation compiler with project's scala-library version: 3.3.6
2025.12.14 11:23:36 INFO  no build target found for C:\Users\Yukako\workspace\scala-study\Main.scala. Using presentation compiler with project's scala-library version: 3.3.6
2025.12.14 11:23:37 INFO  no build target found for C:\Users\Yukako\workspace\scala-study\Main.scala. Using presentation compiler with project's scala-library version: 3.3.6
2025.12.14 11:23:38 INFO  no build target found for C:\Users\Yukako\workspace\scala-study\Main.scala. Using presentation compiler with project's scala-library version: 3.3.6
2025.12.14 11:23:39 WARN  no build target for: C:\Users\Yukako\workspace\scala-study\Main.scala
2025.12.14 11:23:39 INFO  no build target found for C:\Users\Yukako\workspace\scala-study\Main.scala. Using presentation compiler with project's scala-library version: 3.3.6
2025.12.14 11:23:39 WARN  No build session currently active to reload. Attempting to reconnect.
2025.12.14 11:23:39 INFO  Attempting to connect to the build server...
2025.12.14 11:23:49 INFO  Running BSP server List(C:\pleiades2022\java\11/bin/java, -Xms100m, -Xmx100m, -classpath, C:\Program Files (x86)\sbt\\bin\sbt-launch.jar, -Dsbt.script=file://C:\Program%20Files%20(x86)\sbt\bin\sbt.bat, xsbt.boot.Boot, -bsp)
2025.12.14 11:23:49 INFO  tracing is disabled for protocol BSP, to enable tracing of incoming and outgoing JSON messages create an empty file at C:\Users\Yukako\workspace\scala-study\.metals\bsp.trace.json or C:\Users\Yukako\AppData\Local\scalameta\metals\cache\bsp.trace.json
2025.12.14 11:23:53 INFO  time: Connected to build server in 13s
2025.12.14 11:23:53 INFO  Connected to Build server: sbt v1.11.7
2025.12.14 11:23:53 INFO  Processing workspace/buildTargets
2025.12.14 11:23:55 INFO  Processing buildTarget/scalacOptions
2025.12.14 11:23:55 INFO  no build target found for C:\Users\Yukako\workspace\scala-study\Main.scala. Using presentation compiler with project's scala-library version: 3.3.6
2025.12.14 11:23:55 INFO  Processing buildTarget/sources
2025.12.14 11:23:55 INFO  Processing buildTarget/dependencySources
2025.12.14 11:23:55 INFO  Fetching artifacts of scala-study_2.12
2025.12.14 11:24:04 INFO  Fetched artifacts of scala-study_2.12
2025.12.14 11:24:09 INFO  time: Imported build in 16s
2025.12.14 11:24:19 WARN  Using H2 2.4.240 which is newer than the version Flyway has been verified with. The latest verified version of H2 is 2.3.232.
2025.12.14 11:24:41 INFO  time: indexed workspace in 31s
2025.12.14 11:24:41 INFO  Processing buildTarget/scalaMainClasses
2025.12.14 11:24:41 INFO  compiling scala-study
2025.12.14 11:24:41 INFO  compiling 1 Scala source to C:\Users\Yukako\workspace\scala-study\target\scala-2.12\classes ...
2025.12.14 11:24:43 INFO  time: compiled scala-study in 1.91s
2025.12.14 11:24:43 INFO  compiling scala-study-test
2025.12.14 11:24:43 INFO  compiling 1 Scala source to C:\Users\Yukako\workspace\scala-study\target\scala-2.12\test-classes ...
2025.12.14 11:24:44 INFO  time: compiled scala-study-test in 1.19s
2025.12.14 11:24:44 INFO  Processing buildTarget/scalaTestClasses
2025.12.14 11:24:44 INFO  compiling scala-study
2025.12.14 11:24:44 INFO  compiling scala-study-test
2025.12.14 11:24:44 INFO  Processing buildTarget/compile
2025.12.14 11:24:44 INFO  compiling scala-study
2025.12.14 11:24:44 INFO  compiling scala-study-test
2025.12.14 11:24:44 INFO  Processing buildTarget/scalaMainClasses
2025.12.14 11:24:45 INFO  compiling scala-study
2025.12.14 11:24:45 INFO  compiling scala-study-test
2025.12.14 11:24:45 INFO  Processing buildTarget/scalaTestClasses
2025.12.14 11:24:45 INFO  compiling scala-study
2025.12.14 11:24:45 INFO  compiling scala-study-test
2025.12.14 11:24:45 INFO  Processing buildTarget/jvmRunEnvironment
2025.12.14 11:24:45 INFO  compiling scala-study
2025.12.14 11:24:53 INFO  Processing buildTarget/compile
2025.12.14 11:25:53 INFO  Processing buildTarget/compile
2025.12.14 11:26:53 INFO  Processing buildTarget/compile
2025.12.14 11:27:53 INFO  Processing buildTarget/compile
2025.12.14 11:28:53 INFO  Processing buildTarget/compile
2025.12.14 11:29:53 INFO  Processing buildTarget/compile
2025.12.14 11:30:53 INFO  Processing buildTarget/compile
2025.12.14 11:31:53 INFO  Processing buildTarget/compile
2025.12.14 11:32:53 INFO  Processing buildTarget/compile
2025.12.14 11:33:53 INFO  Processing buildTarget/compile
12åé 14, 2025 11:35:27 åﬂëO org.eclipse.lsp4j.jsonrpc.RemoteEndpoint handleCancellation
åxçê: Unmatched cancel notification for request id 130
2025.12.14 11:35:52 INFO  Shutting down server
2025.12.14 11:35:52 INFO  shutting down Metals
2025.12.14 11:35:53 INFO  Shut down connection with build server.
2025.12.14 11:35:52 INFO  Exiting server
2025.12.14 11:38:28 INFO  Started: Metals version 1.6.4 in folders 'C:\Users\Yukako\workspace\scala-study' for client Visual Studio Code 1.107.0.
2025.12.14 11:38:29 WARN  Using H2 2.4.240 which is newer than the version Flyway has been verified with. The latest verified version of H2 is 2.3.232.
2025.12.14 11:38:29 INFO  no build target found for C:\Users\Yukako\workspace\scala-study\Main.scala. Using presentation compiler with project's scala-library version: 3.3.6
2025.12.14 11:38:30 INFO  Attempting to connect to the build server...
2025.12.14 11:38:32 INFO  running C:\pleiades2022\java\11\bin\java.exe -Djline.terminal=jline.UnsupportedTerminal -Dsbt.log.noformat=true -Dfile.encoding=UTF-8 -Dfile.encoding=UTF-8 -jar C:\Users\Yukako\workspace\scala-study\sbt-launch.jar --client shutdown
2025.12.14 11:38:34 INFO  [info] no sbt server is running. ciao
2025.12.14 11:38:34 INFO  time: ran 'Shutting down sbt server' in 2.46s
2025.12.14 11:38:34 INFO  Running BSP server List(C:\pleiades2022\java\11/bin/java, -Xms100m, -Xmx100m, -classpath, C:\Program Files (x86)\sbt\\bin\sbt-launch.jar, -Dsbt.script=file://C:\Program%20Files%20(x86)\sbt\bin\sbt.bat, xsbt.boot.Boot, -bsp)
2025.12.14 11:38:34 INFO  tracing is disabled for protocol BSP, to enable tracing of incoming and outgoing JSON messages create an empty file at C:\Users\Yukako\workspace\scala-study\.metals\bsp.trace.json or C:\Users\Yukako\AppData\Local\scalameta\metals\cache\bsp.trace.json
2025.12.14 11:38:37 INFO  BSP server: [info] server was not detected. starting an instance
2025.12.14 11:38:37 INFO  BSP server: [error] Failed to start server : java.io.IOException: Cannot run program "file://C:\Program Files (x86)\sbt\bin\sbt.bat" (in directory "C:\Users\Yukako\workspace\scala-study"): CreateProcess error=2, ÔøΩwÔøΩËÇ≥ÔøΩÍÇΩÔøΩtÔøΩ@ÔøΩCÔøΩÔøΩÔøΩÔøΩÔøΩÔøΩÔøΩ¬ÇÔøΩÔøΩÔøΩ‹ÇÔøΩÔøΩÔøΩB
2025.12.14 11:38:42 INFO  no build target found for C:\Users\Yukako\workspace\scala-study\Main.scala. Using presentation compiler with project's scala-library version: 3.3.6
2025.12.14 11:38:42 INFO  no build target found for C:\Users\Yukako\workspace\scala-study\Main.scala. Using presentation compiler with project's scala-library version: 3.3.6
2025.12.14 11:38:44 INFO  no build target found for C:\Users\Yukako\workspace\scala-study\Main.scala. Using presentation compiler with project's scala-library version: 3.3.6
2025.12.14 11:38:44 INFO  no build target found for C:\Users\Yukako\workspace\scala-study\Main.scala. Using presentation compiler with project's scala-library version: 3.3.6
2025.12.14 11:38:52 INFO  no build target found for C:\Users\Yukako\workspace\scala-study\Main.scala. Using presentation compiler with project's scala-library version: 3.3.6
2025.12.14 11:38:52 INFO  no build target found for C:\Users\Yukako\workspace\scala-study\Main.scala. Using presentation compiler with project's scala-library version: 3.3.6
2025.12.14 11:38:52 INFO  no build target found for C:\Users\Yukako\workspace\scala-study\Main.scala. Using presentation compiler with project's scala-library version: 3.3.6
2025.12.14 11:38:52 INFO  no build target found for C:\Users\Yukako\workspace\scala-study\Main.scala. Using presentation compiler with project's scala-library version: 3.3.6
2025.12.14 11:38:52 INFO  no build target found for C:\Users\Yukako\workspace\scala-study\Main.scala. Using presentation compiler with project's scala-library version: 3.3.6
2025.12.14 11:38:52 INFO  no build target found for C:\Users\Yukako\workspace\scala-study\Main.scala. Using presentation compiler with project's scala-library version: 3.3.6
2025.12.14 11:38:52 INFO  no build target found for C:\Users\Yukako\workspace\scala-study\Main.scala. Using presentation compiler with project's scala-library version: 3.3.6
2025.12.14 11:38:52 INFO  no build target found for C:\Users\Yukako\workspace\scala-study\Main.scala. Using presentation compiler with project's scala-library version: 3.3.6
2025.12.14 11:38:54 INFO  no build target found for C:\Users\Yukako\workspace\scala-study\Main.scala. Using presentation compiler with project's scala-library version: 3.3.6
2025.12.14 11:38:54 INFO  no build target found for C:\Users\Yukako\workspace\scala-study\Main.scala. Using presentation compiler with project's scala-library version: 3.3.6
2025.12.14 11:38:55 INFO  no build target found for C:\Users\Yukako\workspace\scala-study\Main.scala. Using presentation compiler with project's scala-library version: 3.3.6
2025.12.14 11:38:55 INFO  no build target found for C:\Users\Yukako\workspace\scala-study\Main.scala. Using presentation compiler with project's scala-library version: 3.3.6
2025.12.14 11:38:55 INFO  no build target found for C:\Users\Yukako\workspace\scala-study\Main.scala. Using presentation compiler with project's scala-library version: 3.3.6
2025.12.14 11:38:57 INFO  no build target found for C:\Users\Yukako\workspace\scala-study\Main.scala. Using presentation compiler with project's scala-library version: 3.3.6
2025.12.14 11:38:57 INFO  no build target found for C:\Users\Yukako\workspace\scala-study\Main.scala. Using presentation compiler with project's scala-library version: 3.3.6
2025.12.14 11:38:57 INFO  no build target found for C:\Users\Yukako\workspace\scala-study\Main.scala. Using presentation compiler with project's scala-library version: 3.3.6
2025.12.14 11:38:57 INFO  no build target found for C:\Users\Yukako\workspace\scala-study\Main.scala. Using presentation compiler with project's scala-library version: 3.3.6
2025.12.14 11:38:57 INFO  no build target found for C:\Users\Yukako\workspace\scala-study\Main.scala. Using presentation compiler with project's scala-library version: 3.3.6
2025.12.14 11:38:57 INFO  no build target found for C:\Users\Yukako\workspace\scala-study\Main.scala. Using presentation compiler with project's scala-library version: 3.3.6
2025.12.14 11:38:57 INFO  no build target found for C:\Users\Yukako\workspace\scala-study\Main.scala. Using presentation compiler with project's scala-library version: 3.3.6
2025.12.14 11:38:57 INFO  no build target found for C:\Users\Yukako\workspace\scala-study\Main.scala. Using presentation compiler with project's scala-library version: 3.3.6
2025.12.14 11:38:59 INFO  no build target found for C:\Users\Yukako\workspace\scala-study\Main.scala. Using presentation compiler with project's scala-library version: 3.3.6
2025.12.14 11:38:59 WARN  no build target for: C:\Users\Yukako\workspace\scala-study\Main.scala
2025.12.14 11:38:59 INFO  no build target found for C:\Users\Yukako\workspace\scala-study\Main.scala. Using presentation compiler with project's scala-library version: 3.3.6
2025.12.14 11:38:59 INFO  no build target found for C:\Users\Yukako\workspace\scala-study\Main.scala. Using presentation compiler with project's scala-library version: 3.3.6
2025.12.14 11:39:35 ERROR Timeout waiting for 'build/initialize' response
2025.12.14 11:39:35 WARN  Retrying connection to the build server sbt
2025.12.14 11:39:35 INFO  Running BSP server List(C:\pleiades2022\java\11/bin/java, -Xms100m, -Xmx100m, -classpath, C:\Program Files (x86)\sbt\\bin\sbt-launch.jar, -Dsbt.script=file://C:\Program%20Files%20(x86)\sbt\bin\sbt.bat, xsbt.boot.Boot, -bsp)
2025.12.14 11:39:35 INFO  tracing is disabled for protocol BSP, to enable tracing of incoming and outgoing JSON messages create an empty file at C:\Users\Yukako\workspace\scala-study\.metals\bsp.trace.json or C:\Users\Yukako\AppData\Local\scalameta\metals\cache\bsp.trace.json
2025.12.14 11:39:37 INFO  BSP server: [info] server was not detected. starting an instance
2025.12.14 11:39:37 INFO  BSP server: [error] Failed to start server : java.io.IOException: Cannot run program "file://C:\Program Files (x86)\sbt\bin\sbt.bat" (in directory "C:\Users\Yukako\workspace\scala-study"): CreateProcess error=2, ÔøΩwÔøΩËÇ≥ÔøΩÍÇΩÔøΩtÔøΩ@ÔøΩCÔøΩÔøΩÔøΩÔøΩÔøΩÔøΩÔøΩ¬ÇÔøΩÔøΩÔøΩ‹ÇÔøΩÔøΩÔøΩB
2025.12.14 11:40:28 INFO  no build target found for C:\Users\Yukako\workspace\scala-study\Distance.scala. Using presentation compiler with project's scala-library version: 3.3.6
2025.12.14 11:40:28 WARN  Could not find semantic tokens for: file:///C:/Users/Yukako/workspace/scala-study/Distance.scala
2025.12.14 11:40:35 ERROR Timeout waiting for 'build/initialize' response
2025.12.14 11:40:35 WARN  Retrying connection to the build server sbt
2025.12.14 11:40:35 INFO  Running BSP server List(C:\pleiades2022\java\11/bin/java, -Xms100m, -Xmx100m, -classpath, C:\Program Files (x86)\sbt\\bin\sbt-launch.jar, -Dsbt.script=file://C:\Program%20Files%20(x86)\sbt\bin\sbt.bat, xsbt.boot.Boot, -bsp)
2025.12.14 11:40:35 INFO  tracing is disabled for protocol BSP, to enable tracing of incoming and outgoing JSON messages create an empty file at C:\Users\Yukako\workspace\scala-study\.metals\bsp.trace.json or C:\Users\Yukako\AppData\Local\scalameta\metals\cache\bsp.trace.json
2025.12.14 11:40:37 INFO  BSP server: [info] server was not detected. starting an instance
2025.12.14 11:40:37 INFO  BSP server: [error] Failed to start server : java.io.IOException: Cannot run program "file://C:\Program Files (x86)\sbt\bin\sbt.bat" (in directory "C:\Users\Yukako\workspace\scala-study"): CreateProcess error=2, ÔøΩwÔøΩËÇ≥ÔøΩÍÇΩÔøΩtÔøΩ@ÔøΩCÔøΩÔøΩÔøΩÔøΩÔøΩÔøΩÔøΩ¬ÇÔøΩÔøΩÔøΩ‹ÇÔøΩÔøΩÔøΩB
2025.12.14 11:40:40 INFO  no build target found for C:\Users\Yukako\workspace\scala-study\Distance.scala. Using presentation compiler with project's scala-library version: 3.3.6
2025.12.14 11:40:40 INFO  no build target found for C:\Users\Yukako\workspace\scala-study\Distance.scala. Using presentation compiler with project's scala-library version: 3.3.6
2025.12.14 11:40:40 INFO  no build target found for C:\Users\Yukako\workspace\scala-study\Distance.scala. Using presentation compiler with project's scala-library version: 3.3.6
2025.12.14 11:40:40 INFO  no build target found for C:\Users\Yukako\workspace\scala-study\Distance.scala. Using presentation compiler with project's scala-library version: 3.3.6
2025.12.14 11:40:43 INFO  no build target found for C:\Users\Yukako\workspace\scala-study\Distance.scala. Using presentation compiler with project's scala-library version: 3.3.6
2025.12.14 11:40:43 WARN  no build target for: C:\Users\Yukako\workspace\scala-study\Distance.scala
2025.12.14 11:40:43 INFO  no build target found for C:\Users\Yukako\workspace\scala-study\Distance.scala. Using presentation compiler with project's scala-library version: 3.3.6
2025.12.14 11:40:43 INFO  no build target found for C:\Users\Yukako\workspace\scala-study\Distance.scala. Using presentation compiler with project's scala-library version: 3.3.6
2025.12.14 11:41:33 INFO  no build target found for C:\Users\Yukako\workspace\scala-study\Distance.scala. Using presentation compiler with project's scala-library version: 3.3.6
2025.12.14 11:41:35 ERROR Timeout waiting for 'build/initialize' response
2025.12.14 11:41:35 WARN  Retrying connection to the build server sbt
2025.12.14 11:41:35 INFO  Running BSP server List(C:\pleiades2022\java\11/bin/java, -Xms100m, -Xmx100m, -classpath, C:\Program Files (x86)\sbt\\bin\sbt-launch.jar, -Dsbt.script=file://C:\Program%20Files%20(x86)\sbt\bin\sbt.bat, xsbt.boot.Boot, -bsp)
2025.12.14 11:41:35 INFO  tracing is disabled for protocol BSP, to enable tracing of incoming and outgoing JSON messages create an empty file at C:\Users\Yukako\workspace\scala-study\.metals\bsp.trace.json or C:\Users\Yukako\AppData\Local\scalameta\metals\cache\bsp.trace.json
2025.12.14 11:41:37 INFO  time: Connected to build server in 3m7s
2025.12.14 11:41:37 INFO  Connected to Build server: sbt v1.11.7
2025.12.14 11:41:37 INFO  Processing workspace/buildTargets
2025.12.14 11:41:37 INFO  Processing buildTarget/scalacOptions
2025.12.14 11:41:37 INFO  Processing buildTarget/sources
2025.12.14 11:41:37 INFO  Processing buildTarget/dependencySources
2025.12.14 11:41:38 INFO  time: Imported build in 1.25s
2025.12.14 11:41:47 WARN  Using H2 2.4.240 which is newer than the version Flyway has been verified with. The latest verified version of H2 is 2.3.232.
2025.12.14 11:41:50 INFO  time: indexed workspace in 11s
2025.12.14 11:41:50 INFO  Processing buildTarget/scalaMainClasses
2025.12.14 11:41:50 INFO  compiling scala-study
2025.12.14 11:41:50 INFO  compiling 2 Scala sources to C:\Users\Yukako\workspace\scala-study\target\scala-2.12\classes ...
2025.12.14 11:41:55 INFO  time: compiled scala-study in 4.81s
2025.12.14 11:41:55 INFO  compiling scala-study-test
2025.12.14 11:41:55 INFO  compiling 2 Scala sources to C:\Users\Yukako\workspace\scala-study\target\scala-2.12\test-classes ...
2025.12.14 11:41:57 INFO  time: compiled scala-study-test in 1.44s
2025.12.14 11:41:57 INFO  Processing buildTarget/scalaTestClasses
2025.12.14 11:41:57 INFO  compiling scala-study
2025.12.14 11:41:57 INFO  compiling scala-study-test
2025.12.14 11:41:57 INFO  Processing buildTarget/compile
2025.12.14 11:41:57 INFO  compiling scala-study
2025.12.14 11:41:57 INFO  compiling scala-study-test
2025.12.14 11:41:57 INFO  Processing buildTarget/scalaMainClasses
2025.12.14 11:41:57 INFO  compiling scala-study
2025.12.14 11:41:57 INFO  compiling scala-study-test
2025.12.14 11:41:57 INFO  Processing buildTarget/scalaTestClasses
2025.12.14 11:41:57 INFO  compiling scala-study
2025.12.14 11:41:57 INFO  compiling scala-study-test
2025.12.14 11:41:57 INFO  Processing buildTarget/jvmRunEnvironment
2025.12.14 11:41:57 INFO  compiling scala-study
2025.12.14 11:41:58 INFO  Processing buildTarget/jvmRunEnvironment
2025.12.14 11:41:58 INFO  compiling scala-study
2025.12.14 11:41:58 INFO  Processing buildTarget/jvmRunEnvironment
2025.12.14 11:41:58 INFO  compiling scala-study
2025.12.14 11:41:58 INFO  Processing buildTarget/jvmRunEnvironment
2025.12.14 11:41:58 INFO  compiling scala-study
2025.12.14 11:41:58 INFO  Processing buildTarget/jvmRunEnvironment
2025.12.14 11:41:58 INFO  compiling scala-study
2025.12.14 11:41:58 INFO  Processing buildTarget/jvmRunEnvironment
2025.12.14 11:41:58 INFO  compiling scala-study
2025.12.14 11:41:58 INFO  Processing buildTarget/jvmRunEnvironment
2025.12.14 11:41:58 INFO  compiling scala-study
2025.12.14 11:41:58 INFO  Processing buildTarget/jvmRunEnvironment
2025.12.14 11:41:58 INFO  compiling scala-study
2025.12.14 11:41:58 INFO  Processing buildTarget/jvmRunEnvironment
2025.12.14 11:41:58 INFO  compiling scala-study
2025.12.14 11:41:58 INFO  Processing buildTarget/jvmRunEnvironment
2025.12.14 11:41:58 INFO  compiling scala-study
2025.12.14 11:42:07 INFO  compiling scala-study
2025.12.14 11:42:40 INFO  running Distance
2025.12.14 11:42:40 INFO  Classpath:
	C:\Users\Yukako\workspace\scala-study\target\bg-jobs\sbt_91e97d65\job-1\target\1a802ea4\2b60155d\scala-study_2.12-0.1.0-SNAPSHOT.jar
	C:\Users\Yukako\workspace\scala-study\target\bg-jobs\sbt_91e97d65\target\72434fd1\570c8161\scala-library.jar
2025.12.14 11:42:40 INFO  Processing buildTarget/compile
2025.12.14 11:43:37 INFO  Processing buildTarget/compile
2025.12.14 11:44:37 INFO  Processing buildTarget/compile
2025.12.14 11:45:00 INFO  Processing buildTarget/compile
2025.12.14 11:45:00 INFO  Skipping reload with status 'Installed'
2025.12.14 11:45:00 INFO  compiling scala-study
2025.12.14 11:45:00 INFO  compiling 1 Scala source to C:\Users\Yukako\workspace\scala-study\target\scala-2.12\classes ...
2025.12.14 11:45:00 ERROR IO error while decoding C:\Users\Yukako\workspace\scala-study\Distance.scala with UTF-8: MALFORMED[1]
Please try specifying another one using the -encoding option
2025.12.14 11:45:02 ERROR one error found
2025.12.14 11:45:02 INFO  time: compiled scala-study in 2.01s
2025.12.14 11:45:02 ERROR (Compile / compileIncremental) Compilation failed
2025.12.14 11:45:03 INFO  Cancelling compilation on sbt server
org.eclipse.lsp4j.jsonrpc.ResponseErrorException: (Compile / [31mcompileIncremental[0m) Compilation failed
	at org.eclipse.lsp4j.jsonrpc.RemoteEndpoint.handleResponse(RemoteEndpoint.java:220)
	at org.eclipse.lsp4j.jsonrpc.RemoteEndpoint.consume(RemoteEndpoint.java:204)
	at scala.meta.internal.metals.RequestMonitorImpl$$anon$1.consume(ServerLivenessMonitor.scala:41)
	at org.eclipse.lsp4j.jsonrpc.json.StreamMessageProducer.handleMessage(StreamMessageProducer.java:185)
	at org.eclipse.lsp4j.jsonrpc.json.StreamMessageProducer.listen(StreamMessageProducer.java:97)
	at org.eclipse.lsp4j.jsonrpc.json.ConcurrentMessageProcessor.run(ConcurrentMessageProcessor.java:114)
	at java.util.concurrent.Executors$RunnableAdapter.call(Executors.java:539)
	at java.util.concurrent.FutureTask.run(FutureTask.java:264)
	at java.util.concurrent.ThreadPoolExecutor.runWorker(ThreadPoolExecutor.java:1136)
	at java.util.concurrent.ThreadPoolExecutor$Worker.run(ThreadPoolExecutor.java:635)
	at java.lang.Thread.run(Thread.java:840)

2025.12.14 11:45:02 INFO  Processing buildTarget/scalaMainClasses
2025.12.14 11:45:02 INFO  compiling scala-study
2025.12.14 11:45:02 INFO  compiling 1 Scala source to C:\Users\Yukako\workspace\scala-study\target\scala-2.12\classes ...
2025.12.14 11:45:02 ERROR IO error while decoding C:\Users\Yukako\workspace\scala-study\Distance.scala with UTF-8: MALFORMED[1]
Please try specifying another one using the -encoding option
2025.12.14 11:45:04 ERROR one error found
2025.12.14 11:45:04 INFO  time: compiled scala-study in 1s
2025.12.14 11:45:04 ERROR (Compile / compileIncremental) Compilation failed
2025.12.14 11:45:04 INFO  Scala main classes not supported by server
org.eclipse.lsp4j.jsonrpc.ResponseErrorException: (Compile / [31mcompileIncremental[0m) Compilation failed
	at org.eclipse.lsp4j.jsonrpc.RemoteEndpoint.handleResponse(RemoteEndpoint.java:220)
	at org.eclipse.lsp4j.jsonrpc.RemoteEndpoint.consume(RemoteEndpoint.java:204)
	at scala.meta.internal.metals.RequestMonitorImpl$$anon$1.consume(ServerLivenessMonitor.scala:41)
	at org.eclipse.lsp4j.jsonrpc.json.StreamMessageProducer.handleMessage(StreamMessageProducer.java:185)
	at org.eclipse.lsp4j.jsonrpc.json.StreamMessageProducer.listen(StreamMessageProducer.java:97)
	at org.eclipse.lsp4j.jsonrpc.json.ConcurrentMessageProcessor.run(ConcurrentMessageProcessor.java:114)
	at java.util.concurrent.Executors$RunnableAdapter.call(Executors.java:539)
	at java.util.concurrent.FutureTask.run(FutureTask.java:264)
	at java.util.concurrent.ThreadPoolExecutor.runWorker(ThreadPoolExecutor.java:1136)
	at java.util.concurrent.ThreadPoolExecutor$Worker.run(ThreadPoolExecutor.java:635)
	at java.lang.Thread.run(Thread.java:840)

2025.12.14 11:45:04 INFO  Processing buildTarget/scalaTestClasses
2025.12.14 11:45:09 INFO  compiling scala-study
2025.12.14 11:45:09 INFO  compiling 1 Scala source to C:\Users\Yukako\workspace\scala-study\target\scala-2.12\classes ...
2025.12.14 11:45:09 ERROR IO error while decoding C:\Users\Yukako\workspace\scala-study\Distance.scala with UTF-8: MALFORMED[1]
Please try specifying another one using the -encoding option
2025.12.14 11:45:09 ERROR one error found
2025.12.14 11:45:09 INFO  time: compiled scala-study in 0.96s
2025.12.14 11:45:09 ERROR (Compile / compileIncremental) Compilation failed
12Êúà 14, 2025 11:45:30 ÂçàÂâç org.eclipse.lsp4j.jsonrpc.services.GenericEndpoint notify
Ë≠¶Âëä: Unsupported notification method: shutdown
2025.12.14 11:45:30 INFO  Running BSP server List(C:\pleiades2022\java\11/bin/java, -Xms100m, -Xmx100m, -classpath, C:\Program Files (x86)\sbt\\bin\sbt-launch.jar, -Dsbt.script=file://C:\Program%20Files%20(x86)\sbt\bin\sbt.bat, xsbt.boot.Boot, -bsp)
2025.12.14 11:45:30 INFO  tracing is disabled for protocol BSP, to enable tracing of incoming and outgoing JSON messages create an empty file at C:\Users\Yukako\workspace\scala-study\.metals\bsp.trace.json or C:\Users\Yukako\AppData\Local\scalameta\metals\cache\bsp.trace.json
2025.12.14 11:45:32 INFO  BSP server: [info] server was not detected. starting an instance
2025.12.14 11:45:32 INFO  BSP server: [error] Failed to start server : java.io.IOException: Cannot run program "file://C:\Program Files (x86)\sbt\bin\sbt.bat" (in directory "C:\Users\Yukako\workspace\scala-study"): CreateProcess error=2, ÔøΩwÔøΩËÇ≥ÔøΩÍÇΩÔøΩtÔøΩ@ÔøΩCÔøΩÔøΩÔøΩÔøΩÔøΩÔøΩÔøΩ¬ÇÔøΩÔøΩÔøΩ‹ÇÔøΩÔøΩÔøΩB
2025.12.14 11:46:30 ERROR Timeout waiting for 'build/initialize' response
2025.12.14 11:48:26 INFO  Cancelling compilation on sbt server
java.util.concurrent.TimeoutException
	at java.util.concurrent.CompletableFuture.timedGet(CompletableFuture.java:1960)
	at java.util.concurrent.CompletableFuture.get(CompletableFuture.java:2095)
	at scala.meta.internal.metals.BuildServerConnection$.initialize(BuildServerConnection.scala:787)
	at scala.meta.internal.metals.BuildServerConnection$.$anonfun$fromSockets$1(BuildServerConnection.scala:658)
	at scala.concurrent.impl.Promise$Transformation.run(Promise.scala:500)
	at java.util.concurrent.ThreadPoolExecutor.runWorker(ThreadPoolExecutor.java:1136)
	at java.util.concurrent.ThreadPoolExecutor$Worker.run(ThreadPoolExecutor.java:635)
	at java.lang.Thread.run(Thread.java:840)

2025.12.14 11:48:26 INFO  Scala main classes not supported by server
java.util.concurrent.TimeoutException
	at java.util.concurrent.CompletableFuture.timedGet(CompletableFuture.java:1960)
	at java.util.concurrent.CompletableFuture.get(CompletableFuture.java:2095)
	at scala.meta.internal.metals.BuildServerConnection$.initialize(BuildServerConnection.scala:787)
	at scala.meta.internal.metals.BuildServerConnection$.$anonfun$fromSockets$1(BuildServerConnection.scala:658)
	at scala.concurrent.impl.Promise$Transformation.run(Promise.scala:500)
	at java.util.concurrent.ThreadPoolExecutor.runWorker(ThreadPoolExecutor.java:1136)
	at java.util.concurrent.ThreadPoolExecutor$Worker.run(ThreadPoolExecutor.java:635)
	at java.lang.Thread.run(Thread.java:840)

2025.12.14 11:48:26 INFO  Scala test classes not supported by server
java.util.concurrent.TimeoutException
	at java.util.concurrent.CompletableFuture.timedGet(CompletableFuture.java:1960)
	at java.util.concurrent.CompletableFuture.get(CompletableFuture.java:2095)
	at scala.meta.internal.metals.BuildServerConnection$.initialize(BuildServerConnection.scala:787)
	at scala.meta.internal.metals.BuildServerConnection$.$anonfun$fromSockets$1(BuildServerConnection.scala:658)
	at scala.concurrent.impl.Promise$Transformation.run(Promise.scala:500)
	at java.util.concurrent.ThreadPoolExecutor.runWorker(ThreadPoolExecutor.java:1136)
	at java.util.concurrent.ThreadPoolExecutor$Worker.run(ThreadPoolExecutor.java:635)
	at java.lang.Thread.run(Thread.java:840)

2025.12.14 11:48:26 INFO  Skipping reload with status 'Installed'
2025.12.14 11:52:42 INFO  Cancelling compilation on sbt server
java.util.concurrent.TimeoutException
	at java.util.concurrent.CompletableFuture.timedGet(CompletableFuture.java:1960)
	at java.util.concurrent.CompletableFuture.get(CompletableFuture.java:2095)
	at scala.meta.internal.metals.BuildServerConnection$.initialize(BuildServerConnection.scala:787)
	at scala.meta.internal.metals.BuildServerConnection$.$anonfun$fromSockets$1(BuildServerConnection.scala:658)
	at scala.concurrent.impl.Promise$Transformation.run(Promise.scala:500)
	at java.util.concurrent.ThreadPoolExecutor.runWorker(ThreadPoolExecutor.java:1136)
	at java.util.concurrent.ThreadPoolExecutor$Worker.run(ThreadPoolExecutor.java:635)
	at java.lang.Thread.run(Thread.java:840)

2025.12.14 11:52:42 INFO  Scala test classes not supported by server
java.util.concurrent.TimeoutException
	at java.util.concurrent.CompletableFuture.timedGet(CompletableFuture.java:1960)
	at java.util.concurrent.CompletableFuture.get(CompletableFuture.java:2095)
	at scala.meta.internal.metals.BuildServerConnection$.initialize(BuildServerConnection.scala:787)
	at scala.meta.internal.metals.BuildServerConnection$.$anonfun$fromSockets$1(BuildServerConnection.scala:658)
	at scala.concurrent.impl.Promise$Transformation.run(Promise.scala:500)
	at java.util.concurrent.ThreadPoolExecutor.runWorker(ThreadPoolExecutor.java:1136)
	at java.util.concurrent.ThreadPoolExecutor$Worker.run(ThreadPoolExecutor.java:635)
	at java.lang.Thread.run(Thread.java:840)

2025.12.14 11:52:42 INFO  Scala main classes not supported by server
java.util.concurrent.TimeoutException
	at java.util.concurrent.CompletableFuture.timedGet(CompletableFuture.java:1960)
	at java.util.concurrent.CompletableFuture.get(CompletableFuture.java:2095)
	at scala.meta.internal.metals.BuildServerConnection$.initialize(BuildServerConnection.scala:787)
	at scala.meta.internal.metals.BuildServerConnection$.$anonfun$fromSockets$1(BuildServerConnection.scala:658)
	at scala.concurrent.impl.Promise$Transformation.run(Promise.scala:500)
	at java.util.concurrent.ThreadPoolExecutor.runWorker(ThreadPoolExecutor.java:1136)
	at java.util.concurrent.ThreadPoolExecutor$Worker.run(ThreadPoolExecutor.java:635)
	at java.lang.Thread.run(Thread.java:840)

2025.12.14 11:52:42 INFO  Skipping reload with status 'Installed'
2025.12.14 11:52:46 INFO  Cancelling compilation on sbt server
java.util.concurrent.TimeoutException
	at java.util.concurrent.CompletableFuture.timedGet(CompletableFuture.java:1960)
	at java.util.concurrent.CompletableFuture.get(CompletableFuture.java:2095)
	at scala.meta.internal.metals.BuildServerConnection$.initialize(BuildServerConnection.scala:787)
	at scala.meta.internal.metals.BuildServerConnection$.$anonfun$fromSockets$1(BuildServerConnection.scala:658)
	at scala.concurrent.impl.Promise$Transformation.run(Promise.scala:500)
	at java.util.concurrent.ThreadPoolExecutor.runWorker(ThreadPoolExecutor.java:1136)
	at java.util.concurrent.ThreadPoolExecutor$Worker.run(ThreadPoolExecutor.java:635)
	at java.lang.Thread.run(Thread.java:840)

2025.12.14 11:52:46 INFO  Scala test classes not supported by server
java.util.concurrent.TimeoutException
	at java.util.concurrent.CompletableFuture.timedGet(CompletableFuture.java:1960)
	at java.util.concurrent.CompletableFuture.get(CompletableFuture.java:2095)
	at scala.meta.internal.metals.BuildServerConnection$.initialize(BuildServerConnection.scala:787)
	at scala.meta.internal.metals.BuildServerConnection$.$anonfun$fromSockets$1(BuildServerConnection.scala:658)
	at scala.concurrent.impl.Promise$Transformation.run(Promise.scala:500)
	at java.util.concurrent.ThreadPoolExecutor.runWorker(ThreadPoolExecutor.java:1136)
	at java.util.concurrent.ThreadPoolExecutor$Worker.run(ThreadPoolExecutor.java:635)
	at java.lang.Thread.run(Thread.java:840)

2025.12.14 11:52:46 INFO  Scala main classes not supported by server
java.util.concurrent.TimeoutException
	at java.util.concurrent.CompletableFuture.timedGet(CompletableFuture.java:1960)
	at java.util.concurrent.CompletableFuture.get(CompletableFuture.java:2095)
	at scala.meta.internal.metals.BuildServerConnection$.initialize(BuildServerConnection.scala:787)
	at scala.meta.internal.metals.BuildServerConnection$.$anonfun$fromSockets$1(BuildServerConnection.scala:658)
	at scala.concurrent.impl.Promise$Transformation.run(Promise.scala:500)
	at java.util.concurrent.ThreadPoolExecutor.runWorker(ThreadPoolExecutor.java:1136)
	at java.util.concurrent.ThreadPoolExecutor$Worker.run(ThreadPoolExecutor.java:635)
	at java.lang.Thread.run(Thread.java:840)

2025.12.14 11:52:46 INFO  Skipping reload with status 'Installed'
2025.12.14 11:52:53 INFO  Cancelling compilation on sbt server
java.util.concurrent.TimeoutException
	at java.util.concurrent.CompletableFuture.timedGet(CompletableFuture.java:1960)
	at java.util.concurrent.CompletableFuture.get(CompletableFuture.java:2095)
	at scala.meta.internal.metals.BuildServerConnection$.initialize(BuildServerConnection.scala:787)
	at scala.meta.internal.metals.BuildServerConnection$.$anonfun$fromSockets$1(BuildServerConnection.scala:658)
	at scala.concurrent.impl.Promise$Transformation.run(Promise.scala:500)
	at java.util.concurrent.ThreadPoolExecutor.runWorker(ThreadPoolExecutor.java:1136)
	at java.util.concurrent.ThreadPoolExecutor$Worker.run(ThreadPoolExecutor.java:635)
	at java.lang.Thread.run(Thread.java:840)

2025.12.14 11:52:53 INFO  Scala test classes not supported by server
java.util.concurrent.TimeoutException
	at java.util.concurrent.CompletableFuture.timedGet(CompletableFuture.java:1960)
	at java.util.concurrent.CompletableFuture.get(CompletableFuture.java:2095)
	at scala.meta.internal.metals.BuildServerConnection$.initialize(BuildServerConnection.scala:787)
	at scala.meta.internal.metals.BuildServerConnection$.$anonfun$fromSockets$1(BuildServerConnection.scala:658)
	at scala.concurrent.impl.Promise$Transformation.run(Promise.scala:500)
	at java.util.concurrent.ThreadPoolExecutor.runWorker(ThreadPoolExecutor.java:1136)
	at java.util.concurrent.ThreadPoolExecutor$Worker.run(ThreadPoolExecutor.java:635)
	at java.lang.Thread.run(Thread.java:840)

2025.12.14 11:52:53 INFO  Scala main classes not supported by server
java.util.concurrent.TimeoutException
	at java.util.concurrent.CompletableFuture.timedGet(CompletableFuture.java:1960)
	at java.util.concurrent.CompletableFuture.get(CompletableFuture.java:2095)
	at scala.meta.internal.metals.BuildServerConnection$.initialize(BuildServerConnection.scala:787)
	at scala.meta.internal.metals.BuildServerConnection$.$anonfun$fromSockets$1(BuildServerConnection.scala:658)
	at scala.concurrent.impl.Promise$Transformation.run(Promise.scala:500)
	at java.util.concurrent.ThreadPoolExecutor.runWorker(ThreadPoolExecutor.java:1136)
	at java.util.concurrent.ThreadPoolExecutor$Worker.run(ThreadPoolExecutor.java:635)
	at java.lang.Thread.run(Thread.java:840)

2025.12.14 11:52:53 INFO  Skipping reload with status 'Installed'
2025.12.14 12:16:57 INFO  Cancelling compilation on sbt server
java.util.concurrent.TimeoutException
	at java.util.concurrent.CompletableFuture.timedGet(CompletableFuture.java:1960)
	at java.util.concurrent.CompletableFuture.get(CompletableFuture.java:2095)
	at scala.meta.internal.metals.BuildServerConnection$.initialize(BuildServerConnection.scala:787)
	at scala.meta.internal.metals.BuildServerConnection$.$anonfun$fromSockets$1(BuildServerConnection.scala:658)
	at scala.concurrent.impl.Promise$Transformation.run(Promise.scala:500)
	at java.util.concurrent.ThreadPoolExecutor.runWorker(ThreadPoolExecutor.java:1136)
	at java.util.concurrent.ThreadPoolExecutor$Worker.run(ThreadPoolExecutor.java:635)
	at java.lang.Thread.run(Thread.java:840)

2025.12.14 12:17:15 INFO  Cancelling compilation on sbt server
java.util.concurrent.TimeoutException
	at java.util.concurrent.CompletableFuture.timedGet(CompletableFuture.java:1960)
	at java.util.concurrent.CompletableFuture.get(CompletableFuture.java:2095)
	at scala.meta.internal.metals.BuildServerConnection$.initialize(BuildServerConnection.scala:787)
	at scala.meta.internal.metals.BuildServerConnection$.$anonfun$fromSockets$1(BuildServerConnection.scala:658)
	at scala.concurrent.impl.Promise$Transformation.run(Promise.scala:500)
	at java.util.concurrent.ThreadPoolExecutor.runWorker(ThreadPoolExecutor.java:1136)
	at java.util.concurrent.ThreadPoolExecutor$Worker.run(ThreadPoolExecutor.java:635)
	at java.lang.Thread.run(Thread.java:840)

2025.12.14 12:17:15 INFO  Skipping reload with status 'Installed'
2025.12.20 07:28:32 INFO  Started: Metals version 1.6.4 in folders 'C:\Users\Yukako\workspace\scala-study' for client Visual Studio Code 1.107.0.
2025.12.20 07:28:37 WARN  Using H2 2.4.240 which is newer than the version Flyway has been verified with. The latest verified version of H2 is 2.3.232.
2025.12.20 07:28:37 INFO  no build target found for C:\Users\Yukako\workspace\scala-study\Factorial.scala. Using presentation compiler with project's scala-library version: 3.3.6
2025.12.20 07:28:40 INFO  no build target found for C:\Users\Yukako\workspace\scala-study\Factorial.scala. Using presentation compiler with project's scala-library version: 3.3.6
2025.12.20 07:28:40 INFO  Attempting to connect to the build server...
2025.12.20 07:28:55 INFO  no build target found for C:\Users\Yukako\workspace\scala-study\Factorization.scala. Using presentation compiler with project's scala-library version: 3.3.6
2025.12.20 07:28:55 WARN  Could not find semantic tokens for: file:///C:/Users/Yukako/workspace/scala-study/Factorization.scala
2025.12.20 07:28:55 ERROR Failed to connect with build server, no functionality will work.
java.util.concurrent.TimeoutException: Future timed out after [15 seconds]
	at scala.concurrent.Future$.timeoutError(Future.scala:581)
	at scala.concurrent.impl.Promise$DefaultPromise.tryAwait0(Promise.scala:258)
	at scala.concurrent.impl.Promise$DefaultPromise.result(Promise.scala:271)
	at scala.concurrent.Await$.$anonfun$result$1(package.scala:208)
	at scala.concurrent.BlockContext$DefaultBlockContext$.blockOn(BlockContext.scala:62)
	at scala.concurrent.Await$.result(package.scala:125)
	at scala.meta.internal.metals.MetalsEnrichments$XtensionScalaFuture.$anonfun$withTimeout$1(MetalsEnrichments.scala:295)
	at scala.concurrent.Future$.$anonfun$apply$1(Future.scala:691)
	at scala.concurrent.impl.Promise$Transformation.run(Promise.scala:500)
	at java.util.concurrent.ThreadPoolExecutor.runWorker(ThreadPoolExecutor.java:1136)
	at java.util.concurrent.ThreadPoolExecutor$Worker.run(ThreadPoolExecutor.java:635)
	at java.lang.Thread.run(Thread.java:840)

2025.12.20 07:28:55 INFO  no build target found for C:\Users\Yukako\workspace\scala-study\Factorial.scala. Using presentation compiler with project's scala-library version: 3.3.6
2025.12.20 07:28:55 WARN  no build target for: C:\Users\Yukako\workspace\scala-study\Factorial.scala
2025.12.20 07:28:55 WARN  no build target for: C:\Users\Yukako\workspace\scala-study\Factorization.scala
2025.12.20 07:28:55 INFO  no build target found for C:\Users\Yukako\workspace\scala-study\Factorization.scala. Using presentation compiler with project's scala-library version: 3.3.6
2025.12.20 07:28:55 INFO  no build target found for C:\Users\Yukako\workspace\scala-study\Factorization.scala. Using presentation compiler with project's scala-library version: 3.3.6
2025.12.20 07:28:55 INFO  no build target found for C:\Users\Yukako\workspace\scala-study\Factorial.scala. Using presentation compiler with project's scala-library version: 3.3.6
2025.12.20 07:28:56 INFO  no build target found for C:\Users\Yukako\workspace\scala-study\Factorization.scala. Using presentation compiler with project's scala-library version: 3.3.6
2025.12.20 07:28:56 WARN  Could not find semantic tokens for: file:///C:/Users/Yukako/workspace/scala-study/Factorization.scala
2025.12.20 08:22:15 INFO  no build target found for C:\Users\Yukako\workspace\scala-study\Factorization.scala. Using presentation compiler with project's scala-library version: 3.3.6
2025.12.20 08:22:15 INFO  no build target found for C:\Users\Yukako\workspace\scala-study\Factorization.scala. Using presentation compiler with project's scala-library version: 3.3.6
2025.12.20 08:22:15 INFO  no build target found for C:\Users\Yukako\workspace\scala-study\Factorization.scala. Using presentation compiler with project's scala-library version: 3.3.6
2025.12.20 08:22:15 INFO  no build target found for C:\Users\Yukako\workspace\scala-study\Factorization.scala. Using presentation compiler with project's scala-library version: 3.3.6
2025.12.20 08:22:15 INFO  no build target found for C:\Users\Yukako\workspace\scala-study\Factorization.scala. Using presentation compiler with project's scala-library version: 3.3.6
2025.12.20 08:22:17 INFO  no build target found for C:\Users\Yukako\workspace\scala-study\Factorization.scala. Using presentation compiler with project's scala-library version: 3.3.6
2025.12.20 08:22:18 WARN  no build target for: C:\Users\Yukako\workspace\scala-study\Factorization.scala
2025.12.20 08:22:18 INFO  no build target found for C:\Users\Yukako\workspace\scala-study\Factorization.scala. Using presentation compiler with project's scala-library version: 3.3.6
2025.12.20 08:22:18 INFO  no build target found for C:\Users\Yukako\workspace\scala-study\Factorization.scala. Using presentation compiler with project's scala-library version: 3.3.6
2025.12.20 08:22:18 WARN  No build session currently active to reload. Attempting to reconnect.
2025.12.20 08:22:18 INFO  Attempting to connect to the build server...
2025.12.20 08:22:20 INFO  Running BSP server List(C:\pleiades2022\java\11/bin/java, -Xms100m, -Xmx100m, -classpath, C:\Program Files (x86)\sbt\\bin\sbt-launch.jar, -Dsbt.script=file://C:\Program%20Files%20(x86)\sbt\bin\sbt.bat, xsbt.boot.Boot, -bsp)
2025.12.20 08:22:20 INFO  tracing is disabled for protocol BSP, to enable tracing of incoming and outgoing JSON messages create an empty file at C:\Users\Yukako\workspace\scala-study\.metals\bsp.trace.json or C:\Users\Yukako\AppData\Local\scalameta\metals\cache\bsp.trace.json
2025.12.20 08:22:23 INFO  no build target found for C:\Users\Yukako\workspace\scala-study\Factorization.scala. Using presentation compiler with project's scala-library version: 3.3.6
2025.12.20 08:22:25 INFO  no build target found for C:\Users\Yukako\workspace\scala-study\Distance.scala. Using presentation compiler with project's scala-library version: 3.3.6
2025.12.20 08:22:25 WARN  no build target for: C:\Users\Yukako\workspace\scala-study\Distance.scala
2025.12.20 08:22:25 INFO  no build target found for C:\Users\Yukako\workspace\scala-study\Distance.scala. Using presentation compiler with project's scala-library version: 3.3.6
2025.12.20 08:22:25 INFO  no build target found for C:\Users\Yukako\workspace\scala-study\Distance.scala. Using presentation compiler with project's scala-library version: 3.3.6
2025.12.20 08:22:25 INFO  no build target found for C:\Users\Yukako\workspace\scala-study\Distance.scala. Using presentation compiler with project's scala-library version: 3.3.6
2025.12.20 08:22:25 INFO  no build target found for C:\Users\Yukako\workspace\scala-study\Distance.scala. Using presentation compiler with project's scala-library version: 3.3.6
2025.12.20 08:22:28 WARN  no build target for: C:\Users\Yukako\workspace\scala-study\Factorization.scala
2025.12.20 08:22:28 INFO  no build target found for C:\Users\Yukako\workspace\scala-study\Factorization.scala. Using presentation compiler with project's scala-library version: 3.3.6
2025.12.20 08:22:28 INFO  no build target found for C:\Users\Yukako\workspace\scala-study\Factorization.scala. Using presentation compiler with project's scala-library version: 3.3.6
2025.12.20 08:22:28 INFO  no build target found for C:\Users\Yukako\workspace\scala-study\Factorization.scala. Using presentation compiler with project's scala-library version: 3.3.6
2025.12.20 08:22:29 INFO  BSP server: [info] server was not detected. starting an instance
2025.12.20 08:22:29 INFO  BSP server: [error] Failed to start server : java.io.IOException: Cannot run program "file://C:\Program Files (x86)\sbt\bin\sbt.bat" (in directory "C:\Users\Yukako\workspace\scala-study"): CreateProcess error=2, éwíËÇ≥ÇÍÇΩÉtÉ@ÉCÉãÇ™å©Ç¬Ç©ÇËÇ‹ÇπÇÒÅB
2025.12.20 08:22:31 WARN  no build target for: C:\Users\Yukako\workspace\scala-study\Factorial.scala
2025.12.20 08:22:31 INFO  no build target found for C:\Users\Yukako\workspace\scala-study\Factorial.scala. Using presentation compiler with project's scala-library version: 3.3.6
2025.12.20 08:22:31 INFO  no build target found for C:\Users\Yukako\workspace\scala-study\Factorial.scala. Using presentation compiler with project's scala-library version: 3.3.6
2025.12.20 08:22:31 INFO  no build target found for C:\Users\Yukako\workspace\scala-study\Factorial.scala. Using presentation compiler with project's scala-library version: 3.3.6
2025.12.20 08:22:37 WARN  no build target for: C:\Users\Yukako\workspace\scala-study\Factorization.scala
2025.12.20 08:22:37 INFO  no build target found for C:\Users\Yukako\workspace\scala-study\Factorization.scala. Using presentation compiler with project's scala-library version: 3.3.6
2025.12.20 08:22:37 INFO  no build target found for C:\Users\Yukako\workspace\scala-study\Factorization.scala. Using presentation compiler with project's scala-library version: 3.3.6
2025.12.20 08:22:37 INFO  no build target found for C:\Users\Yukako\workspace\scala-study\Factorization.scala. Using presentation compiler with project's scala-library version: 3.3.6
2025.12.20 08:22:58 INFO  no build target found for C:\Users\Yukako\workspace\scala-study\Factorization.scala. Using presentation compiler with project's scala-library version: 3.3.6
2025.12.20 08:23:20 ERROR Timeout waiting for 'build/initialize' response
2025.12.20 08:23:20 WARN  Retrying connection to the build server sbt
2025.12.20 08:23:20 INFO  Running BSP server List(C:\pleiades2022\java\11/bin/java, -Xms100m, -Xmx100m, -classpath, C:\Program Files (x86)\sbt\\bin\sbt-launch.jar, -Dsbt.script=file://C:\Program%20Files%20(x86)\sbt\bin\sbt.bat, xsbt.boot.Boot, -bsp)
2025.12.20 08:23:20 INFO  tracing is disabled for protocol BSP, to enable tracing of incoming and outgoing JSON messages create an empty file at C:\Users\Yukako\workspace\scala-study\.metals\bsp.trace.json or C:\Users\Yukako\AppData\Local\scalameta\metals\cache\bsp.trace.json
2025.12.20 08:23:22 INFO  time: Connected to build server in 1m4s
2025.12.20 08:23:22 INFO  Connected to Build server: sbt v1.11.7
2025.12.20 08:23:22 INFO  Processing workspace/buildTargets
2025.12.20 08:23:22 INFO  Processing buildTarget/scalacOptions
2025.12.20 08:23:22 INFO  Processing buildTarget/sources
2025.12.20 08:23:22 INFO  Processing buildTarget/dependencySources
2025.12.20 08:23:23 INFO  time: Imported build in 1.3s
2025.12.20 08:23:32 WARN  Using H2 2.4.240 which is newer than the version Flyway has been verified with. The latest verified version of H2 is 2.3.232.
2025.12.20 08:23:43 INFO  time: indexed workspace in 19s
2025.12.20 08:23:43 INFO  Processing buildTarget/scalaTestClasses
2025.12.20 08:23:43 INFO  compiling scala-study
2025.12.20 08:23:43 INFO  compiling 1 Scala source to C:\Users\Yukako\workspace\scala-study\target\scala-2.12\classes ...
2025.12.20 08:23:48 INFO  time: compiled scala-study in 4.45s
2025.12.20 08:23:48 INFO  compiling scala-study-test
2025.12.20 08:23:48 INFO  compiling 4 Scala sources to C:\Users\Yukako\workspace\scala-study\target\scala-2.12\test-classes ...
2025.12.20 08:23:50 INFO  time: compiled scala-study-test in 1.88s
2025.12.20 08:23:50 INFO  Processing buildTarget/scalaMainClasses
2025.12.20 08:23:50 INFO  compiling scala-study
2025.12.20 08:23:50 INFO  compiling scala-study-test
2025.12.20 08:23:50 INFO  Processing buildTarget/compile
2025.12.20 08:23:50 INFO  compiling scala-study
2025.12.20 08:23:50 INFO  compiling scala-study-test
2025.12.20 08:23:50 INFO  Processing buildTarget/scalaMainClasses
2025.12.20 08:23:50 INFO  compiling scala-study
2025.12.20 08:23:50 INFO  compiling scala-study-test
2025.12.20 08:23:50 INFO  Processing buildTarget/scalaTestClasses
2025.12.20 08:23:50 INFO  compiling scala-study
2025.12.20 08:23:50 INFO  compiling scala-study-test
2025.12.20 08:23:50 INFO  Processing buildTarget/jvmRunEnvironment
2025.12.20 08:23:50 INFO  compiling scala-study
2025.12.20 08:24:22 INFO  Processing buildTarget/compile
2025.12.20 08:25:22 INFO  Processing buildTarget/compile
2025.12.20 08:26:22 INFO  Processing buildTarget/compile
2025.12.20 08:27:22 INFO  Processing buildTarget/compile
2025.12.20 08:28:22 INFO  Processing buildTarget/compile
2025.12.20 08:29:22 INFO  Processing buildTarget/compile
2025.12.20 08:30:22 INFO  Processing buildTarget/compile
2025.12.20 08:31:22 INFO  Processing buildTarget/compile
2025.12.20 08:32:22 INFO  Processing buildTarget/compile
2025.12.20 08:33:22 INFO  Processing buildTarget/compile
2025.12.20 08:38:30 INFO  compiling scala-study
2025.12.20 08:38:30 INFO  running Factorization
2025.12.20 08:38:30 INFO  Classpath:
	C:\Users\Yukako\workspace\scala-study\target\bg-jobs\sbt_f4c05b67\job-1\target\1a802ea4\2be822b1\scala-study_2.12-0.1.0-SNAPSHOT.jar
	C:\Users\Yukako\workspace\scala-study\target\bg-jobs\sbt_f4c05b67\target\72434fd1\570c8161\scala-library.jar
2025.12.20 08:40:41 INFO  compiling scala-study
2025.12.20 08:40:41 INFO  Starting scala interpreter...
2025.12.20 09:18:11 INFO  Skipping reload with status 'Installed'
2025.12.20 09:18:16 INFO  Skipping reload with status 'Installed'
12åé 20, 2025 9:18:56 åﬂëO org.eclipse.lsp4j.jsonrpc.RemoteEndpoint handleCancellation
åxçê: Unmatched cancel notification for request id 120
2025.12.20 09:19:00 INFO  Skipping reload with status 'Installed'
2025.12.20 09:20:40 INFO  Processing buildTarget/compile
2025.12.20 09:20:40 INFO  compiling scala-study
2025.12.20 09:20:40 INFO  compiling 1 Scala source to C:\Users\Yukako\workspace\scala-study\target\scala-2.12\classes ...
2025.12.20 09:20:42 INFO  time: compiled scala-study in 1.89s
2025.12.20 09:20:42 INFO  Processing buildTarget/compile
2025.12.20 09:20:42 INFO  Processing buildTarget/compile
2025.12.20 09:20:42 INFO  Processing buildTarget/compile
2025.12.20 09:20:42 INFO  Processing buildTarget/compile
2025.12.20 09:20:42 INFO  compiling scala-study
2025.12.20 09:20:42 INFO  Processing buildTarget/scalaTestClasses
2025.12.20 09:20:42 INFO  Processing buildTarget/scalaMainClasses
2025.12.20 09:20:42 INFO  compiling scala-study
2025.12.20 09:20:42 INFO  Processing buildTarget/scalaMainClasses
2025.12.20 09:20:42 INFO  compiling scala-study
2025.12.20 09:20:42 INFO  Processing buildTarget/scalaTestClasses
2025.12.20 09:20:48 INFO  compiling scala-study
2025.12.20 09:20:48 INFO  running Factorization
2025.12.20 09:20:48 INFO  Classpath:
	C:\Users\Yukako\workspace\scala-study\target\bg-jobs\sbt_f4c05b67\job-2\target\1a802ea4\4ac33778\scala-study_2.12-0.1.0-SNAPSHOT.jar
	C:\Users\Yukako\workspace\scala-study\target\bg-jobs\sbt_f4c05b67\target\72434fd1\570c8161\scala-library.jar
2025.12.20 09:21:22 INFO  Processing buildTarget/compile
2025.12.20 09:21:54 INFO  Skipping reload with status 'Installed'
2025.12.20 09:21:54 INFO  Processing buildTarget/compile
2025.12.20 09:21:54 INFO  compiling scala-study
2025.12.20 09:21:54 INFO  compiling 1 Scala source to C:\Users\Yukako\workspace\scala-study\target\scala-2.12\classes ...
2025.12.20 09:21:54 ERROR C:\Users\Yukako\workspace\scala-study\Factorization.scala:8:21: ';' expected but '=' found.
2025.12.20 09:21:54 ERROR Map[Int, Int] = {
2025.12.20 09:21:54 ERROR ^
2025.12.20 09:21:54 ERROR C:\Users\Yukako\workspace\scala-study\Factorization.scala:9:5: Missing closing brace `}' assumed here
2025.12.20 09:21:54 ERROR if (divisor > maxDivisor) {
2025.12.20 09:21:54 ERROR ^
2025.12.20 09:21:54 ERROR two errors found
2025.12.20 09:21:54 INFO  time: compiled scala-study in 0.55s
2025.12.20 09:21:54 ERROR (Compile / compileIncremental) Compilation failed
2025.12.20 09:21:54 INFO  Cancelling compilation on sbt server
org.eclipse.lsp4j.jsonrpc.ResponseErrorException: (Compile / [31mcompileIncremental[0m) Compilation failed
	at org.eclipse.lsp4j.jsonrpc.RemoteEndpoint.handleResponse(RemoteEndpoint.java:220)
	at org.eclipse.lsp4j.jsonrpc.RemoteEndpoint.consume(RemoteEndpoint.java:204)
	at scala.meta.internal.metals.RequestMonitorImpl$$anon$1.consume(ServerLivenessMonitor.scala:41)
	at org.eclipse.lsp4j.jsonrpc.json.StreamMessageProducer.handleMessage(StreamMessageProducer.java:185)
	at org.eclipse.lsp4j.jsonrpc.json.StreamMessageProducer.listen(StreamMessageProducer.java:97)
	at org.eclipse.lsp4j.jsonrpc.json.ConcurrentMessageProcessor.run(ConcurrentMessageProcessor.java:114)
	at java.util.concurrent.Executors$RunnableAdapter.call(Executors.java:539)
	at java.util.concurrent.FutureTask.run(FutureTask.java:264)
	at java.util.concurrent.ThreadPoolExecutor.runWorker(ThreadPoolExecutor.java:1136)
	at java.util.concurrent.ThreadPoolExecutor$Worker.run(ThreadPoolExecutor.java:635)
	at java.lang.Thread.run(Thread.java:840)

2025.12.20 09:21:54 INFO  Processing buildTarget/scalaMainClasses
2025.12.20 09:21:54 INFO  compiling scala-study
2025.12.20 09:21:54 INFO  compiling 1 Scala source to C:\Users\Yukako\workspace\scala-study\target\scala-2.12\classes ...
2025.12.20 09:21:54 ERROR C:\Users\Yukako\workspace\scala-study\Factorization.scala:8:21: ';' expected but '=' found.
2025.12.20 09:21:54 ERROR Map[Int, Int] = {
2025.12.20 09:21:54 ERROR ^
2025.12.20 09:21:54 ERROR C:\Users\Yukako\workspace\scala-study\Factorization.scala:9:5: Missing closing brace `}' assumed here
2025.12.20 09:21:54 ERROR if (divisor > maxDivisor) {
2025.12.20 09:21:54 ERROR ^
2025.12.20 09:21:54 ERROR two errors found
2025.12.20 09:21:54 INFO  time: compiled scala-study in 0.18s
2025.12.20 09:21:54 ERROR (Compile / compileIncremental) Compilation failed
2025.12.20 09:21:55 INFO  Scala main classes not supported by server
org.eclipse.lsp4j.jsonrpc.ResponseErrorException: (Compile / [31mcompileIncremental[0m) Compilation failed
	at org.eclipse.lsp4j.jsonrpc.RemoteEndpoint.handleResponse(RemoteEndpoint.java:220)
	at org.eclipse.lsp4j.jsonrpc.RemoteEndpoint.consume(RemoteEndpoint.java:204)
	at scala.meta.internal.metals.RequestMonitorImpl$$anon$1.consume(ServerLivenessMonitor.scala:41)
	at org.eclipse.lsp4j.jsonrpc.json.StreamMessageProducer.handleMessage(StreamMessageProducer.java:185)
	at org.eclipse.lsp4j.jsonrpc.json.StreamMessageProducer.listen(StreamMessageProducer.java:97)
	at org.eclipse.lsp4j.jsonrpc.json.ConcurrentMessageProcessor.run(ConcurrentMessageProcessor.java:114)
	at java.util.concurrent.Executors$RunnableAdapter.call(Executors.java:539)
	at java.util.concurrent.FutureTask.run(FutureTask.java:264)
	at java.util.concurrent.ThreadPoolExecutor.runWorker(ThreadPoolExecutor.java:1136)
	at java.util.concurrent.ThreadPoolExecutor$Worker.run(ThreadPoolExecutor.java:635)
	at java.lang.Thread.run(Thread.java:840)

2025.12.20 09:21:54 INFO  Processing buildTarget/scalaTestClasses
2025.12.20 09:22:05 INFO  Skipping reload with status 'Installed'
2025.12.20 09:22:05 INFO  Processing buildTarget/compile
2025.12.20 09:22:05 INFO  compiling scala-study
2025.12.20 09:22:05 INFO  compiling 1 Scala source to C:\Users\Yukako\workspace\scala-study\target\scala-2.12\classes ...
2025.12.20 09:22:07 INFO  time: compiled scala-study in 1.96s
2025.12.20 09:22:07 INFO  Processing buildTarget/scalaMainClasses
2025.12.20 09:22:07 INFO  compiling scala-study
2025.12.20 09:22:07 INFO  Processing buildTarget/scalaTestClasses
2025.12.20 09:22:16 INFO  Skipping reload with status 'Installed'
2025.12.20 09:22:16 INFO  Processing buildTarget/compile
2025.12.20 09:22:16 INFO  compiling scala-study
2025.12.20 09:22:16 INFO  compiling 1 Scala source to C:\Users\Yukako\workspace\scala-study\target\scala-2.12\classes ...
2025.12.20 09:22:18 INFO  Skipping reload with status 'Installed'
2025.12.20 09:22:18 INFO  time: compiled scala-study in 1.58s
2025.12.20 09:22:18 INFO  Processing buildTarget/scalaMainClasses
2025.12.20 09:22:18 INFO  compiling scala-study
12åé 20, 2025 9:22:18 åﬂëO scala.meta.internal.pc.CompilerAccess retryWithCleanCompiler
èÓïÒ: compiler crashed due to an error in the Scala compiler, retrying with new compiler instance.
2025.12.20 09:22:18 INFO  Processing buildTarget/scalaTestClasses
2025.12.20 09:22:21 INFO  compiling scala-study
2025.12.20 09:22:21 INFO  running Factorization
2025.12.20 09:22:21 INFO  Classpath:
	C:\Users\Yukako\workspace\scala-study\target\bg-jobs\sbt_f4c05b67\job-3\target\1a802ea4\400e9bd4\scala-study_2.12-0.1.0-SNAPSHOT.jar
	C:\Users\Yukako\workspace\scala-study\target\bg-jobs\sbt_f4c05b67\target\72434fd1\570c8161\scala-library.jar
2025.12.20 09:22:22 INFO  Processing buildTarget/compile
2025.12.20 09:23:22 INFO  Processing buildTarget/compile
2025.12.20 09:24:22 INFO  Processing buildTarget/compile
2025.12.20 09:25:22 INFO  Processing buildTarget/compile
2025.12.20 09:26:22 INFO  Processing buildTarget/compile
2025.12.20 09:27:22 INFO  Processing buildTarget/compile
2025.12.20 09:28:22 INFO  Processing buildTarget/compile
2025.12.20 09:29:22 INFO  Processing buildTarget/compile
2025.12.20 09:30:22 INFO  Processing buildTarget/compile
2025.12.20 09:31:22 INFO  Processing buildTarget/compile
2025.12.21 11:41:02 INFO  Started: Metals version 1.6.4 in folders 'C:\Users\Yukako\workspace\scala-study' for client Visual Studio Code 1.107.0.
2025.12.21 11:41:06 WARN  Using H2 2.4.240 which is newer than the version Flyway has been verified with. The latest verified version of H2 is 2.3.232.
2025.12.21 11:41:06 INFO  no build target found for C:\Users\Yukako\workspace\scala-study\SimpleSearch.scala. Using presentation compiler with project's scala-library version: 3.3.6
2025.12.21 11:41:07 INFO  no build target found for C:\Users\Yukako\workspace\scala-study\SimpleSearch.scala. Using presentation compiler with project's scala-library version: 3.3.6
2025.12.21 11:41:07 INFO  Attempting to connect to the build server...
2025.12.21 11:41:10 INFO  no build target found for C:\Users\Yukako\workspace\scala-study\SimpleSearch.scala. Using presentation compiler with project's scala-library version: 3.3.6
12åé 21, 2025 11:41:10 åﬂëO org.eclipse.lsp4j.jsonrpc.RemoteEndpoint handleCancellation
åxçê: Unmatched cancel notification for request id 5
2025.12.21 11:41:10 INFO  no build target found for C:\Users\Yukako\workspace\scala-study\SimpleSearch.scala. Using presentation compiler with project's scala-library version: 3.3.6
12åé 21, 2025 11:41:10 åﬂëO org.eclipse.lsp4j.jsonrpc.RemoteEndpoint handleCancellation
åxçê: Unmatched cancel notification for request id 1
12åé 21, 2025 11:41:10 åﬂëO org.eclipse.lsp4j.jsonrpc.RemoteEndpoint handleCancellation
åxçê: Unmatched cancel notification for request id 2
12åé 21, 2025 11:41:10 åﬂëO org.eclipse.lsp4j.jsonrpc.RemoteEndpoint handleCancellation
åxçê: Unmatched cancel notification for request id 11
2025.12.21 11:41:10 INFO  no build target found for C:\Users\Yukako\workspace\scala-study\SimpleSearch.scala. Using presentation compiler with project's scala-library version: 3.3.6
12åé 21, 2025 11:41:10 åﬂëO org.eclipse.lsp4j.jsonrpc.RemoteEndpoint handleCancellation
åxçê: Unmatched cancel notification for request id 12
12åé 21, 2025 11:41:10 åﬂëO org.eclipse.lsp4j.jsonrpc.RemoteEndpoint handleCancellation
åxçê: Unmatched cancel notification for request id 15
12åé 21, 2025 11:41:10 åﬂëO org.eclipse.lsp4j.jsonrpc.RemoteEndpoint handleCancellation
åxçê: Unmatched cancel notification for request id 13
2025.12.21 11:41:10 WARN  no build target for: C:\Users\Yukako\workspace\scala-study\SimpleSearch.scala
2025.12.21 11:41:10 INFO  no build target found for C:\Users\Yukako\workspace\scala-study\SimpleSearch.scala. Using presentation compiler with project's scala-library version: 3.3.6
2025.12.21 11:41:10 INFO  no build target found for C:\Users\Yukako\workspace\scala-study\SimpleSearch.scala. Using presentation compiler with project's scala-library version: 3.3.6
2025.12.21 11:41:10 INFO  no build target found for C:\Users\Yukako\workspace\scala-study\SimpleSearch.scala. Using presentation compiler with project's scala-library version: 3.3.6
2025.12.21 11:41:10 INFO  no build target found for C:\Users\Yukako\workspace\scala-study\SimpleSearch.scala. Using presentation compiler with project's scala-library version: 3.3.6
2025.12.21 11:41:10 INFO  no build target found for C:\Users\Yukako\workspace\scala-study\SimpleSearch.scala. Using presentation compiler with project's scala-library version: 3.3.6
2025.12.21 11:41:10 INFO  no build target found for C:\Users\Yukako\workspace\scala-study\SimpleSearch.scala. Using presentation compiler with project's scala-library version: 3.3.6
2025.12.21 11:41:11 INFO  no build target found for C:\Users\Yukako\workspace\scala-study\SimpleSearch.scala. Using presentation compiler with project's scala-library version: 3.3.6
2025.12.21 11:41:13 INFO  no build target found for C:\Users\Yukako\workspace\scala-study\SimpleSearch.scala. Using presentation compiler with project's scala-library version: 3.3.6
2025.12.21 11:41:13 INFO  no build target found for C:\Users\Yukako\workspace\scala-study\SimpleSearch.scala. Using presentation compiler with project's scala-library version: 3.3.6
2025.12.21 11:41:14 INFO  no build target found for C:\Users\Yukako\workspace\scala-study\SimpleSearch.scala. Using presentation compiler with project's scala-library version: 3.3.6
2025.12.21 11:41:16 WARN  no build target for: C:\Users\Yukako\workspace\scala-study\SimpleSearch.scala
2025.12.21 11:41:16 INFO  no build target found for C:\Users\Yukako\workspace\scala-study\SimpleSearch.scala. Using presentation compiler with project's scala-library version: 3.3.6
2025.12.21 11:41:16 INFO  no build target found for C:\Users\Yukako\workspace\scala-study\SimpleSearch.scala. Using presentation compiler with project's scala-library version: 3.3.6
2025.12.21 11:41:22 ERROR Failed to connect with build server, no functionality will work.
java.util.concurrent.TimeoutException: Future timed out after [15 seconds]
	at scala.concurrent.Future$.timeoutError(Future.scala:581)
	at scala.concurrent.impl.Promise$DefaultPromise.tryAwait0(Promise.scala:258)
	at scala.concurrent.impl.Promise$DefaultPromise.result(Promise.scala:271)
	at scala.concurrent.Await$.$anonfun$result$1(package.scala:208)
	at scala.concurrent.BlockContext$DefaultBlockContext$.blockOn(BlockContext.scala:62)
	at scala.concurrent.Await$.result(package.scala:125)
	at scala.meta.internal.metals.MetalsEnrichments$XtensionScalaFuture.$anonfun$withTimeout$1(MetalsEnrichments.scala:295)
	at scala.concurrent.Future$.$anonfun$apply$1(Future.scala:691)
	at scala.concurrent.impl.Promise$Transformation.run(Promise.scala:500)
	at java.util.concurrent.ThreadPoolExecutor.runWorker(ThreadPoolExecutor.java:1136)
	at java.util.concurrent.ThreadPoolExecutor$Worker.run(ThreadPoolExecutor.java:635)
	at java.lang.Thread.run(Thread.java:840)

2025.12.21 11:41:22 INFO  no build target found for C:\Users\Yukako\workspace\scala-study\SimpleSearch.scala. Using presentation compiler with project's scala-library version: 3.3.6
2025.12.21 11:41:22 WARN  no build target for: C:\Users\Yukako\workspace\scala-study\SimpleSearch.scala
2025.12.21 11:41:22 WARN  no build target for: C:\Users\Yukako\workspace\scala-study\Factorization.scala
2025.12.21 11:41:22 INFO  no build target found for C:\Users\Yukako\workspace\scala-study\SimpleSearch.scala. Using presentation compiler with project's scala-library version: 3.3.6
2025.12.21 11:41:22 INFO  no build target found for C:\Users\Yukako\workspace\scala-study\Factorization.scala. Using presentation compiler with project's scala-library version: 3.3.6
2025.12.21 11:41:23 INFO  no build target found for C:\Users\Yukako\workspace\scala-study\SimpleSearch.scala. Using presentation compiler with project's scala-library version: 3.3.6
2025.12.21 11:48:25 INFO  no build target found for C:\Users\Yukako\workspace\scala-study\SimpleSearch.scala. Using presentation compiler with project's scala-library version: 3.3.6
2025.12.21 11:49:39 INFO  no build target found for C:\Users\Yukako\workspace\scala-study\SimpleSearch.scala. Using presentation compiler with project's scala-library version: 3.3.6
2025.12.21 11:49:39 INFO  no build target found for C:\Users\Yukako\workspace\scala-study\SimpleSearch.scala. Using presentation compiler with project's scala-library version: 3.3.6
2025.12.21 11:49:39 INFO  no build target found for C:\Users\Yukako\workspace\scala-study\SimpleSearch.scala. Using presentation compiler with project's scala-library version: 3.3.6
2025.12.21 11:49:41 INFO  no build target found for C:\Users\Yukako\workspace\scala-study\SimpleSearch.scala. Using presentation compiler with project's scala-library version: 3.3.6
2025.12.21 11:49:44 INFO  no build target found for C:\Users\Yukako\workspace\scala-study\SimpleSearch.scala. Using presentation compiler with project's scala-library version: 3.3.6
2025.12.21 11:49:44 INFO  no build target found for C:\Users\Yukako\workspace\scala-study\SimpleSearch.scala. Using presentation compiler with project's scala-library version: 3.3.6
2025.12.21 11:49:44 INFO  no build target found for C:\Users\Yukako\workspace\scala-study\SimpleSearch.scala. Using presentation compiler with project's scala-library version: 3.3.6
2025.12.21 11:49:44 INFO  no build target found for C:\Users\Yukako\workspace\scala-study\SimpleSearch.scala. Using presentation compiler with project's scala-library version: 3.3.6
2025.12.21 11:49:44 INFO  no build target found for C:\Users\Yukako\workspace\scala-study\SimpleSearch.scala. Using presentation compiler with project's scala-library version: 3.3.6
2025.12.21 11:49:45 INFO  no build target found for C:\Users\Yukako\workspace\scala-study\SimpleSearch.scala. Using presentation compiler with project's scala-library version: 3.3.6
2025.12.21 11:49:48 WARN  no build target for: C:\Users\Yukako\workspace\scala-study\SimpleSearch.scala
2025.12.21 11:49:48 INFO  no build target found for C:\Users\Yukako\workspace\scala-study\SimpleSearch.scala. Using presentation compiler with project's scala-library version: 3.3.6
2025.12.21 11:49:48 INFO  no build target found for C:\Users\Yukako\workspace\scala-study\SimpleSearch.scala. Using presentation compiler with project's scala-library version: 3.3.6
2025.12.21 11:49:48 WARN  No build session currently active to reload. Attempting to reconnect.
2025.12.21 11:49:48 INFO  Attempting to connect to the build server...
2025.12.21 11:49:50 INFO  no build target found for C:\Users\Yukako\workspace\scala-study\SimpleSearch.scala. Using presentation compiler with project's scala-library version: 3.3.6
Exception in thread "pool-22-thread-1" java.lang.InterruptedException
	at scala.meta.internal.metals.FutureCancelToken.checkCanceled(FutureCancelToken.scala:29)
	at scala.meta.internal.pc.CompilerAccess.onCompilerJobQueue$$anonfun$1(CompilerAccess.scala:244)
	at scala.meta.internal.pc.CompilerJobQueue$Job.run(CompilerJobQueue.scala:153)
	at java.base/java.util.concurrent.ThreadPoolExecutor.runWorker(ThreadPoolExecutor.java:1136)
	at java.base/java.util.concurrent.ThreadPoolExecutor$Worker.run(ThreadPoolExecutor.java:635)
	at java.base/java.lang.Thread.run(Thread.java:840)
2025.12.21 11:49:50 INFO  no build target found for C:\Users\Yukako\workspace\scala-study\SimpleSearch.scala. Using presentation compiler with project's scala-library version: 3.3.6
2025.12.21 11:49:51 INFO  no build target found for C:\Users\Yukako\workspace\scala-study\SimpleSearch.scala. Using presentation compiler with project's scala-library version: 3.3.6
2025.12.21 11:49:51 INFO  no build target found for C:\Users\Yukako\workspace\scala-study\SimpleSearch.scala. Using presentation compiler with project's scala-library version: 3.3.6
2025.12.21 11:49:54 WARN  no build target for: C:\Users\Yukako\workspace\scala-study\SimpleSearch.scala
2025.12.21 11:49:54 INFO  no build target found for C:\Users\Yukako\workspace\scala-study\SimpleSearch.scala. Using presentation compiler with project's scala-library version: 3.3.6
2025.12.21 11:49:54 INFO  no build target found for C:\Users\Yukako\workspace\scala-study\SimpleSearch.scala. Using presentation compiler with project's scala-library version: 3.3.6
2025.12.21 11:50:03 ERROR Failed to connect with build server, no functionality will work.
java.util.concurrent.TimeoutException: Future timed out after [15 seconds]
	at scala.concurrent.Future$.timeoutError(Future.scala:581)
	at scala.concurrent.impl.Promise$DefaultPromise.tryAwait0(Promise.scala:258)
	at scala.concurrent.impl.Promise$DefaultPromise.result(Promise.scala:271)
	at scala.concurrent.Await$.$anonfun$result$1(package.scala:208)
	at scala.concurrent.BlockContext$DefaultBlockContext$.blockOn(BlockContext.scala:62)
	at scala.concurrent.Await$.result(package.scala:125)
	at scala.meta.internal.metals.MetalsEnrichments$XtensionScalaFuture.$anonfun$withTimeout$1(MetalsEnrichments.scala:295)
	at scala.concurrent.Future$.$anonfun$apply$1(Future.scala:691)
	at scala.concurrent.impl.Promise$Transformation.run(Promise.scala:500)
	at java.util.concurrent.ThreadPoolExecutor.runWorker(ThreadPoolExecutor.java:1136)
	at java.util.concurrent.ThreadPoolExecutor$Worker.run(ThreadPoolExecutor.java:635)
	at java.lang.Thread.run(Thread.java:840)

2025.12.21 11:50:03 WARN  No build session currently active to reload. Attempting to reconnect.
2025.12.21 11:50:03 INFO  Attempting to connect to the build server...
2025.12.21 11:50:18 ERROR Failed to connect with build server, no functionality will work.
java.util.concurrent.TimeoutException: Future timed out after [15 seconds]
	at scala.concurrent.Future$.timeoutError(Future.scala:581)
	at scala.concurrent.impl.Promise$DefaultPromise.tryAwait0(Promise.scala:258)
	at scala.concurrent.impl.Promise$DefaultPromise.result(Promise.scala:271)
	at scala.concurrent.Await$.$anonfun$result$1(package.scala:208)
	at scala.concurrent.BlockContext$DefaultBlockContext$.blockOn(BlockContext.scala:62)
	at scala.concurrent.Await$.result(package.scala:125)
	at scala.meta.internal.metals.MetalsEnrichments$XtensionScalaFuture.$anonfun$withTimeout$1(MetalsEnrichments.scala:295)
	at scala.concurrent.Future$.$anonfun$apply$1(Future.scala:691)
	at scala.concurrent.impl.Promise$Transformation.run(Promise.scala:500)
	at java.util.concurrent.ThreadPoolExecutor.runWorker(ThreadPoolExecutor.java:1136)
	at java.util.concurrent.ThreadPoolExecutor$Worker.run(ThreadPoolExecutor.java:635)
	at java.lang.Thread.run(Thread.java:840)

2025.12.21 11:50:25 WARN  no build target for: C:\Users\Yukako\workspace\scala-study\RegexSearch.scala
2025.12.21 11:50:25 INFO  no build target found for C:\Users\Yukako\workspace\scala-study\RegexSearch.scala. Using presentation compiler with project's scala-library version: 3.3.6
2025.12.21 11:50:25 INFO  no build target found for C:\Users\Yukako\workspace\scala-study\RegexSearch.scala. Using presentation compiler with project's scala-library version: 3.3.6
2025.12.21 11:50:25 WARN  Could not find semantic tokens for: file:///C:/Users/Yukako/workspace/scala-study/RegexSearch.scala
2025.12.21 11:50:27 INFO  no build target found for C:\Users\Yukako\workspace\scala-study\RegexSearch.scala. Using presentation compiler with project's scala-library version: 3.3.6
2025.12.21 11:50:27 INFO  no build target found for C:\Users\Yukako\workspace\scala-study\RegexSearch.scala. Using presentation compiler with project's scala-library version: 3.3.6
2025.12.21 11:50:27 INFO  no build target found for C:\Users\Yukako\workspace\scala-study\RegexSearch.scala. Using presentation compiler with project's scala-library version: 3.3.6
2025.12.21 11:50:27 INFO  no build target found for C:\Users\Yukako\workspace\scala-study\RegexSearch.scala. Using presentation compiler with project's scala-library version: 3.3.6
2025.12.21 11:50:27 INFO  no build target found for C:\Users\Yukako\workspace\scala-study\RegexSearch.scala. Using presentation compiler with project's scala-library version: 3.3.6
2025.12.21 11:50:30 INFO  no build target found for C:\Users\Yukako\workspace\scala-study\RegexSearch.scala. Using presentation compiler with project's scala-library version: 3.3.6
2025.12.21 11:50:30 WARN  no build target for: C:\Users\Yukako\workspace\scala-study\RegexSearch.scala
2025.12.21 11:50:30 INFO  no build target found for C:\Users\Yukako\workspace\scala-study\RegexSearch.scala. Using presentation compiler with project's scala-library version: 3.3.6
2025.12.21 11:50:30 INFO  no build target found for C:\Users\Yukako\workspace\scala-study\RegexSearch.scala. Using presentation compiler with project's scala-library version: 3.3.6
2025.12.21 11:50:30 WARN  No build session currently active to reload. Attempting to reconnect.
2025.12.21 11:50:30 INFO  Attempting to connect to the build server...
2025.12.21 11:50:45 ERROR Failed to connect with build server, no functionality will work.
java.util.concurrent.TimeoutException: Future timed out after [15 seconds]
	at scala.concurrent.Future$.timeoutError(Future.scala:581)
	at scala.concurrent.impl.Promise$DefaultPromise.tryAwait0(Promise.scala:258)
	at scala.concurrent.impl.Promise$DefaultPromise.result(Promise.scala:271)
	at scala.concurrent.Await$.$anonfun$result$1(package.scala:208)
	at scala.concurrent.BlockContext$DefaultBlockContext$.blockOn(BlockContext.scala:62)
	at scala.concurrent.Await$.result(package.scala:125)
	at scala.meta.internal.metals.MetalsEnrichments$XtensionScalaFuture.$anonfun$withTimeout$1(MetalsEnrichments.scala:295)
	at scala.concurrent.Future$.$anonfun$apply$1(Future.scala:691)
	at scala.concurrent.impl.Promise$Transformation.run(Promise.scala:500)
	at java.util.concurrent.ThreadPoolExecutor.runWorker(ThreadPoolExecutor.java:1136)
	at java.util.concurrent.ThreadPoolExecutor$Worker.run(ThreadPoolExecutor.java:635)
	at java.lang.Thread.run(Thread.java:840)

2025.12.21 11:50:46 WARN  no build target for: C:\Users\Yukako\workspace\scala-study\Factorization.scala
2025.12.21 11:50:46 INFO  no build target found for C:\Users\Yukako\workspace\scala-study\Factorization.scala. Using presentation compiler with project's scala-library version: 3.3.6
2025.12.21 11:50:46 INFO  no build target found for C:\Users\Yukako\workspace\scala-study\Factorization.scala. Using presentation compiler with project's scala-library version: 3.3.6
2025.12.21 11:50:48 WARN  no build target for: C:\Users\Yukako\workspace\scala-study\SimpleSearch.scala
2025.12.21 11:50:48 INFO  no build target found for C:\Users\Yukako\workspace\scala-study\SimpleSearch.scala. Using presentation compiler with project's scala-library version: 3.3.6
2025.12.21 11:50:48 INFO  no build target found for C:\Users\Yukako\workspace\scala-study\SimpleSearch.scala. Using presentation compiler with project's scala-library version: 3.3.6
2025.12.21 11:50:48 INFO  no build target found for C:\Users\Yukako\workspace\scala-study\SimpleSearch.scala. Using presentation compiler with project's scala-library version: 3.3.6
2025.12.21 11:51:00 INFO  no build target found for C:\Users\Yukako\workspace\scala-study\SimpleSearch.scala. Using presentation compiler with project's scala-library version: 3.3.6
2025.12.21 11:51:00 INFO  no build target found for C:\Users\Yukako\workspace\scala-study\SimpleSearch.scala. Using presentation compiler with project's scala-library version: 3.3.6
2025.12.21 11:51:24 INFO  no build target found for C:\Users\Yukako\workspace\scala-study\SimpleSearch.scala. Using presentation compiler with project's scala-library version: 3.3.6
2025.12.21 11:51:24 INFO  no build target found for C:\Users\Yukako\workspace\scala-study\SimpleSearch.scala. Using presentation compiler with project's scala-library version: 3.3.6
2025.12.21 11:55:07 INFO  no build target found for C:\Users\Yukako\workspace\scala-study\SimpleSearch.scala. Using presentation compiler with project's scala-library version: 3.3.6
2025.12.21 11:57:42 INFO  no build target found for C:\Users\Yukako\workspace\scala-study\SimpleSearch.scala. Using presentation compiler with project's scala-library version: 3.3.6
12åé 21, 2025 11:58:08 åﬂëO org.eclipse.lsp4j.jsonrpc.services.GenericEndpoint notify
èÓïÒ: Unsupported notification method: $/setTrace
2025.12.21 11:58:08 INFO  no build target found for C:\Users\Yukako\workspace\scala-study\SimpleSearch.scala. Using presentation compiler with project's scala-library version: 3.3.6
2025.12.21 11:58:11 INFO  no build target found for C:\Users\Yukako\workspace\scala-study\SimpleSearch.scala. Using presentation compiler with project's scala-library version: 3.3.6
2025.12.21 11:58:14 INFO  no build target found for C:\Users\Yukako\workspace\scala-study\SimpleSearch.scala. Using presentation compiler with project's scala-library version: 3.3.6
2025.12.21 11:58:14 INFO  Created report: Optional[file:///C:/Users/Yukako/workspace/scala-study/SimpleSearch.scala]
2025.12.21 11:58:14 INFO  empty definition using pc, found symbol in pc: scala/package.Seq# (full report at: "C:\Users\Yukako\workspace\scala-study\.metals\.reports\metals-full\2025-12-21\r_empty-definition_11-58-14-858.md")
12åé 21, 2025 11:58:17 åﬂëO org.eclipse.lsp4j.jsonrpc.services.GenericEndpoint notify
èÓïÒ: Unsupported notification method: $/setTrace
2025.12.21 11:58:18 INFO  no build target found for C:\Users\Yukako\workspace\scala-study\SimpleSearch.scala. Using presentation compiler with project's scala-library version: 3.3.6
2025.12.21 11:59:38 INFO  no build target found for C:\Users\Yukako\workspace\scala-study\SimpleSearch.scala. Using presentation compiler with project's scala-library version: 3.3.6
2025.12.21 12:00:04 INFO  no build target found for C:\Users\Yukako\workspace\scala-study\SimpleSearch.scala. Using presentation compiler with project's scala-library version: 3.3.6
12åé 21, 2025 12:02:34 åﬂå„ org.eclipse.lsp4j.jsonrpc.services.GenericEndpoint notify
èÓïÒ: Unsupported notification method: $/setTrace
2025.12.21 12:02:46 INFO  no build target found for C:\Users\Yukako\workspace\scala-study\Main.scala. Using presentation compiler with project's scala-library version: 3.3.6
2025.12.21 12:02:46 WARN  no build target for: C:\Users\Yukako\workspace\scala-study\Main.scala
2025.12.21 12:02:46 INFO  no build target found for C:\Users\Yukako\workspace\scala-study\Main.scala. Using presentation compiler with project's scala-library version: 3.3.6
2025.12.21 12:02:46 INFO  no build target found for C:\Users\Yukako\workspace\scala-study\Main.scala. Using presentation compiler with project's scala-library version: 3.3.6
2025.12.21 12:02:46 INFO  no build target found for C:\Users\Yukako\workspace\scala-study\Main.scala. Using presentation compiler with project's scala-library version: 3.3.6
2025.12.21 12:02:46 INFO  no build target found for C:\Users\Yukako\workspace\scala-study\Main.scala. Using presentation compiler with project's scala-library version: 3.3.6
12åé 21, 2025 12:02:58 åﬂå„ org.eclipse.lsp4j.jsonrpc.services.GenericEndpoint notify
èÓïÒ: Unsupported notification method: $/setTrace
2025.12.21 12:02:58 INFO  no build target found for C:\Users\Yukako\workspace\scala-study\Main.scala. Using presentation compiler with project's scala-library version: 3.3.6
2025.12.21 12:03:04 INFO  no build target found for C:\Users\Yukako\workspace\scala-study\Main.scala. Using presentation compiler with project's scala-library version: 3.3.6
2025.12.21 12:03:04 INFO  no build target found for C:\Users\Yukako\workspace\scala-study\Main.scala. Using presentation compiler with project's scala-library version: 3.3.6
2025.12.21 12:03:04 INFO  no build target found for C:\Users\Yukako\workspace\scala-study\Main.scala. Using presentation compiler with project's scala-library version: 3.3.6
2025.12.21 12:03:04 INFO  no build target found for C:\Users\Yukako\workspace\scala-study\Main.scala. Using presentation compiler with project's scala-library version: 3.3.6
2025.12.21 12:03:06 INFO  no build target found for C:\Users\Yukako\workspace\scala-study\Main.scala. Using presentation compiler with project's scala-library version: 3.3.6
2025.12.21 12:03:07 WARN  no build target for: C:\Users\Yukako\workspace\scala-study\Main.scala
2025.12.21 12:03:07 INFO  no build target found for C:\Users\Yukako\workspace\scala-study\Main.scala. Using presentation compiler with project's scala-library version: 3.3.6
2025.12.21 12:03:07 INFO  no build target found for C:\Users\Yukako\workspace\scala-study\Main.scala. Using presentation compiler with project's scala-library version: 3.3.6
2025.12.21 12:03:07 WARN  No build session currently active to reload. Attempting to reconnect.
2025.12.21 12:03:07 INFO  Attempting to connect to the build server...
2025.12.21 12:03:19 WARN  no build target for: C:\Users\Yukako\workspace\scala-study\Main.scala
2025.12.21 12:03:19 INFO  no build target found for C:\Users\Yukako\workspace\scala-study\Main.scala. Using presentation compiler with project's scala-library version: 3.3.6
2025.12.21 12:03:19 INFO  no build target found for C:\Users\Yukako\workspace\scala-study\Main.scala. Using presentation compiler with project's scala-library version: 3.3.6
2025.12.21 12:03:19 INFO  no build target found for C:\Users\Yukako\workspace\scala-study\Main.scala. Using presentation compiler with project's scala-library version: 3.3.6
2025.12.21 12:03:22 ERROR Failed to connect with build server, no functionality will work.
java.util.concurrent.TimeoutException: Future timed out after [15 seconds]
	at scala.concurrent.Future$.timeoutError(Future.scala:581)
	at scala.concurrent.impl.Promise$DefaultPromise.tryAwait0(Promise.scala:258)
	at scala.concurrent.impl.Promise$DefaultPromise.result(Promise.scala:271)
	at scala.concurrent.Await$.$anonfun$result$1(package.scala:208)
	at scala.concurrent.BlockContext$DefaultBlockContext$.blockOn(BlockContext.scala:62)
	at scala.concurrent.Await$.result(package.scala:125)
	at scala.meta.internal.metals.MetalsEnrichments$XtensionScalaFuture.$anonfun$withTimeout$1(MetalsEnrichments.scala:295)
	at scala.concurrent.Future$.$anonfun$apply$1(Future.scala:691)
	at scala.concurrent.impl.Promise$Transformation.run(Promise.scala:500)
	at java.util.concurrent.ThreadPoolExecutor.runWorker(ThreadPoolExecutor.java:1136)
	at java.util.concurrent.ThreadPoolExecutor$Worker.run(ThreadPoolExecutor.java:635)
	at java.lang.Thread.run(Thread.java:840)

2025.12.21 12:03:27 INFO  no build target found for C:\Users\Yukako\workspace\scala-study\Distance.scala. Using presentation compiler with project's scala-library version: 3.3.6
2025.12.21 12:03:27 WARN  no build target for: C:\Users\Yukako\workspace\scala-study\Distance.scala
2025.12.21 12:03:27 INFO  no build target found for C:\Users\Yukako\workspace\scala-study\Distance.scala. Using presentation compiler with project's scala-library version: 3.3.6
2025.12.21 12:03:27 INFO  no build target found for C:\Users\Yukako\workspace\scala-study\Distance.scala. Using presentation compiler with project's scala-library version: 3.3.6
2025.12.21 12:03:27 INFO  no build target found for C:\Users\Yukako\workspace\scala-study\Distance.scala. Using presentation compiler with project's scala-library version: 3.3.6
2025.12.21 12:03:27 INFO  no build target found for C:\Users\Yukako\workspace\scala-study\Distance.scala. Using presentation compiler with project's scala-library version: 3.3.6
2025.12.21 12:03:27 INFO  no build target found for C:\Users\Yukako\workspace\scala-study\Distance.scala. Using presentation compiler with project's scala-library version: 3.3.6
2025.12.21 12:03:27 INFO  no build target found for C:\Users\Yukako\workspace\scala-study\Distance.scala. Using presentation compiler with project's scala-library version: 3.3.6
2025.12.21 12:03:44 INFO  no build target found for C:\Users\Yukako\workspace\scala-study\Distance.scala. Using presentation compiler with project's scala-library version: 3.3.6
2025.12.21 12:03:44 INFO  no build target found for C:\Users\Yukako\workspace\scala-study\Distance.scala. Using presentation compiler with project's scala-library version: 3.3.6
2025.12.21 12:04:02 INFO  no build target found for C:\Users\Yukako\workspace\scala-study\Distance.scala. Using presentation compiler with project's scala-library version: 3.3.6
2025.12.21 12:04:04 INFO  no build target found for C:\Users\Yukako\workspace\scala-study\Distance.scala. Using presentation compiler with project's scala-library version: 3.3.6
2025.12.21 12:04:06 INFO  no build target found for C:\Users\Yukako\workspace\scala-study\Distance.scala. Using presentation compiler with project's scala-library version: 3.3.6
2025.12.21 12:04:58 INFO  no build target found for C:\Users\Yukako\workspace\scala-study\Distance.scala. Using presentation compiler with project's scala-library version: 3.3.6
2025.12.21 12:04:58 WARN  no build target for: C:\Users\Yukako\workspace\scala-study\Main.scala
2025.12.21 12:04:58 INFO  no build target found for C:\Users\Yukako\workspace\scala-study\Main.scala. Using presentation compiler with project's scala-library version: 3.3.6
2025.12.21 12:04:58 INFO  no build target found for C:\Users\Yukako\workspace\scala-study\Main.scala. Using presentation compiler with project's scala-library version: 3.3.6
2025.12.21 12:04:58 INFO  no build target found for C:\Users\Yukako\workspace\scala-study\Main.scala. Using presentation compiler with project's scala-library version: 3.3.6
2025.12.21 12:04:58 WARN  no build target for: C:\Users\Yukako\workspace\scala-study\Factorization.scala
2025.12.21 12:04:58 INFO  no build target found for C:\Users\Yukako\workspace\scala-study\Factorization.scala. Using presentation compiler with project's scala-library version: 3.3.6
2025.12.21 12:04:58 INFO  no build target found for C:\Users\Yukako\workspace\scala-study\Factorization.scala. Using presentation compiler with project's scala-library version: 3.3.6
2025.12.21 12:04:59 INFO  no build target found for C:\Users\Yukako\workspace\scala-study\Factorization.scala. Using presentation compiler with project's scala-library version: 3.3.6
2025.12.21 12:04:59 WARN  no build target for: C:\Users\Yukako\workspace\scala-study\Main.scala
2025.12.21 12:04:59 INFO  no build target found for C:\Users\Yukako\workspace\scala-study\Main.scala. Using presentation compiler with project's scala-library version: 3.3.6
2025.12.21 12:04:59 INFO  no build target found for C:\Users\Yukako\workspace\scala-study\Main.scala. Using presentation compiler with project's scala-library version: 3.3.6
2025.12.21 12:04:59 INFO  no build target found for C:\Users\Yukako\workspace\scala-study\Main.scala. Using presentation compiler with project's scala-library version: 3.3.6
2025.12.21 12:04:59 INFO  no build target found for C:\Users\Yukako\workspace\scala-study\SimpleSearch.scala. Using presentation compiler with project's scala-library version: 3.3.6
2025.12.21 12:05:00 WARN  no build target for: C:\Users\Yukako\workspace\scala-study\RegexSearch.scala
2025.12.21 12:05:00 INFO  no build target found for C:\Users\Yukako\workspace\scala-study\RegexSearch.scala. Using presentation compiler with project's scala-library version: 3.3.6
2025.12.21 12:05:00 INFO  no build target found for C:\Users\Yukako\workspace\scala-study\RegexSearch.scala. Using presentation compiler with project's scala-library version: 3.3.6
2025.12.21 12:05:00 INFO  no build target found for C:\Users\Yukako\workspace\scala-study\RegexSearch.scala. Using presentation compiler with project's scala-library version: 3.3.6
2025.12.21 12:05:00 INFO  no build target found for C:\Users\Yukako\workspace\scala-study\RegexSearch.scala. Using presentation compiler with project's scala-library version: 3.3.6
2025.12.21 12:05:00 WARN  no build target for: C:\Users\Yukako\workspace\scala-study\Main.scala
2025.12.21 12:05:00 INFO  no build target found for C:\Users\Yukako\workspace\scala-study\Main.scala. Using presentation compiler with project's scala-library version: 3.3.6
2025.12.21 12:05:01 INFO  no build target found for C:\Users\Yukako\workspace\scala-study\Main.scala. Using presentation compiler with project's scala-library version: 3.3.6
2025.12.21 12:05:02 INFO  no build target found for C:\Users\Yukako\workspace\scala-study\Main.scala. Using presentation compiler with project's scala-library version: 3.3.6
12åé 21, 2025 12:05:27 åﬂå„ org.eclipse.lsp4j.jsonrpc.services.GenericEndpoint notify
èÓïÒ: Unsupported notification method: $/setTrace
2025.12.21 12:05:34 INFO  no build target found for C:\Users\Yukako\workspace\scala-study\Factorization.scala. Using presentation compiler with project's scala-library version: 3.3.6
2025.12.21 12:05:34 WARN  no build target for: C:\Users\Yukako\workspace\scala-study\Factorization.scala
2025.12.21 12:05:34 INFO  no build target found for C:\Users\Yukako\workspace\scala-study\Factorization.scala. Using presentation compiler with project's scala-library version: 3.3.6
2025.12.21 12:05:34 INFO  no build target found for C:\Users\Yukako\workspace\scala-study\Factorization.scala. Using presentation compiler with project's scala-library version: 3.3.6
2025.12.21 12:05:35 INFO  no build target found for C:\Users\Yukako\workspace\scala-study\Factorization.scala. Using presentation compiler with project's scala-library version: 3.3.6
2025.12.21 12:05:35 INFO  no build target found for C:\Users\Yukako\workspace\scala-study\Factorization.scala. Using presentation compiler with project's scala-library version: 3.3.6
12åé 21, 2025 12:06:40 åﬂå„ org.eclipse.lsp4j.jsonrpc.services.GenericEndpoint notify
èÓïÒ: Unsupported notification method: $/setTrace
2025.12.21 12:06:41 INFO  no build target found for C:\Users\Yukako\workspace\scala-study\Factorization.scala. Using presentation compiler with project's scala-library version: 3.3.6
12åé 21, 2025 12:07:06 åﬂå„ org.eclipse.lsp4j.jsonrpc.services.GenericEndpoint notify
èÓïÒ: Unsupported notification method: $/setTrace
2025.12.21 12:07:06 INFO  no build target found for C:\Users\Yukako\workspace\scala-study\Factorization.scala. Using presentation compiler with project's scala-library version: 3.3.6
12åé 21, 2025 12:07:09 åﬂå„ org.eclipse.lsp4j.jsonrpc.services.GenericEndpoint notify
èÓïÒ: Unsupported notification method: $/setTrace
2025.12.21 12:07:10 INFO  no build target found for C:\Users\Yukako\workspace\scala-study\Factorization.scala. Using presentation compiler with project's scala-library version: 3.3.6
2025.12.21 12:07:10 INFO  no build target found for C:\Users\Yukako\workspace\scala-study\Factorization.scala. Using presentation compiler with project's scala-library version: 3.3.6
2025.12.21 12:07:10 INFO  no build target found for C:\Users\Yukako\workspace\scala-study\Factorization.scala. Using presentation compiler with project's scala-library version: 3.3.6
12åé 21, 2025 12:07:12 åﬂå„ org.eclipse.lsp4j.jsonrpc.services.GenericEndpoint notify
èÓïÒ: Unsupported notification method: $/setTrace
2025.12.21 12:07:12 INFO  no build target found for C:\Users\Yukako\workspace\scala-study\Factorization.scala. Using presentation compiler with project's scala-library version: 3.3.6
2025.12.21 12:07:12 INFO  no build target found for C:\Users\Yukako\workspace\scala-study\Factorization.scala. Using presentation compiler with project's scala-library version: 3.3.6
12åé 21, 2025 12:07:18 åﬂå„ org.eclipse.lsp4j.jsonrpc.services.GenericEndpoint notify
èÓïÒ: Unsupported notification method: $/setTrace
2025.12.21 12:07:18 INFO  no build target found for C:\Users\Yukako\workspace\scala-study\Factorization.scala. Using presentation compiler with project's scala-library version: 3.3.6
2025.12.21 12:07:19 INFO  no build target found for C:\Users\Yukako\workspace\scala-study\Factorization.scala. Using presentation compiler with project's scala-library version: 3.3.6
12åé 21, 2025 12:07:21 åﬂå„ org.eclipse.lsp4j.jsonrpc.services.GenericEndpoint notify
èÓïÒ: Unsupported notification method: $/setTrace
2025.12.21 12:07:21 INFO  no build target found for C:\Users\Yukako\workspace\scala-study\Factorization.scala. Using presentation compiler with project's scala-library version: 3.3.6
2025.12.21 12:07:21 INFO  no build target found for C:\Users\Yukako\workspace\scala-study\Factorization.scala. Using presentation compiler with project's scala-library version: 3.3.6
Exception in thread "pool-81-thread-1" java.lang.InterruptedException
	at scala.meta.internal.metals.FutureCancelToken.checkCanceled(FutureCancelToken.scala:29)
	at scala.meta.internal.pc.CompilerAccess.onCompilerJobQueue$$anonfun$1(CompilerAccess.scala:244)
	at scala.meta.internal.pc.CompilerJobQueue$Job.run(CompilerJobQueue.scala:153)
	at java.base/java.util.concurrent.ThreadPoolExecutor.runWorker(ThreadPoolExecutor.java:1136)
	at java.base/java.util.concurrent.ThreadPoolExecutor$Worker.run(ThreadPoolExecutor.java:635)
	at java.base/java.lang.Thread.run(Thread.java:840)
2025.12.21 12:07:21 INFO  no build target found for C:\Users\Yukako\workspace\scala-study\Factorization.scala. Using presentation compiler with project's scala-library version: 3.3.6
12åé 21, 2025 12:07:26 åﬂå„ org.eclipse.lsp4j.jsonrpc.services.GenericEndpoint notify
èÓïÒ: Unsupported notification method: $/setTrace
2025.12.21 12:07:27 INFO  no build target found for C:\Users\Yukako\workspace\scala-study\Factorization.scala. Using presentation compiler with project's scala-library version: 3.3.6
2025.12.21 12:07:27 INFO  no build target found for C:\Users\Yukako\workspace\scala-study\Factorization.scala. Using presentation compiler with project's scala-library version: 3.3.6
12åé 21, 2025 12:07:30 åﬂå„ org.eclipse.lsp4j.jsonrpc.services.GenericEndpoint notify
èÓïÒ: Unsupported notification method: $/setTrace
2025.12.21 12:07:30 INFO  no build target found for C:\Users\Yukako\workspace\scala-study\Factorization.scala. Using presentation compiler with project's scala-library version: 3.3.6
2025.12.21 12:07:31 INFO  no build target found for C:\Users\Yukako\workspace\scala-study\Factorization.scala. Using presentation compiler with project's scala-library version: 3.3.6
12åé 21, 2025 12:07:36 åﬂå„ org.eclipse.lsp4j.jsonrpc.services.GenericEndpoint notify
èÓïÒ: Unsupported notification method: $/setTrace
2025.12.21 12:07:42 INFO  no build target found for C:\Users\Yukako\workspace\scala-study\Factorization.scala. Using presentation compiler with project's scala-library version: 3.3.6
12åé 21, 2025 12:07:42 åﬂå„ org.eclipse.lsp4j.jsonrpc.services.GenericEndpoint notify
èÓïÒ: Unsupported notification method: $/setTrace
2025.12.21 12:07:43 INFO  no build target found for C:\Users\Yukako\workspace\scala-study\Factorization.scala. Using presentation compiler with project's scala-library version: 3.3.6
2025.12.21 12:07:42 INFO  no build target found for C:\Users\Yukako\workspace\scala-study\Factorization.scala. Using presentation compiler with project's scala-library version: 3.3.6
2025.12.21 12:07:43 INFO  Created report: Optional[file:///C:/Users/Yukako/workspace/scala-study/Factorization.scala]
2025.12.21 12:07:43 INFO  empty definition using pc, found symbol in pc: scala/collection/MapOps#getOrElse(). (full report at: "C:\Users\Yukako\workspace\scala-study\.metals\.reports\metals-full\2025-12-21\r_empty-definition_12-07-43-761.md")
2025.12.21 12:07:43 INFO  no build target found for C:\Users\Yukako\workspace\scala-study\Factorization.scala. Using presentation compiler with project's scala-library version: 3.3.6
2025.12.21 12:07:43 INFO  empty definition using pc, found symbol in pc: scala/collection/MapOps#getOrElse(). (full report at: "C:\Users\Yukako\workspace\scala-study\.metals\.reports\metals-full\2025-12-21\r_empty-definition_12-07-43-761.md")
12åé 21, 2025 12:07:48 åﬂå„ org.eclipse.lsp4j.jsonrpc.services.GenericEndpoint notify
èÓïÒ: Unsupported notification method: $/setTrace
2025.12.21 12:07:48 INFO  no build target found for C:\Users\Yukako\workspace\scala-study\Factorization.scala. Using presentation compiler with project's scala-library version: 3.3.6
2025.12.21 12:07:52 INFO  no build target found for C:\Users\Yukako\workspace\scala-study\Factorization.scala. Using presentation compiler with project's scala-library version: 3.3.6
2025.12.21 12:07:52 INFO  no build target found for C:\Users\Yukako\workspace\scala-study\Factorization.scala. Using presentation compiler with project's scala-library version: 3.3.6
2025.12.21 12:07:52 INFO  no build target found for C:\Users\Yukako\workspace\scala-study\Factorization.scala. Using presentation compiler with project's scala-library version: 3.3.6
2025.12.21 12:07:53 INFO  no build target found for C:\Users\Yukako\workspace\scala-study\Factorization.scala. Using presentation compiler with project's scala-library version: 3.3.6
2025.12.21 12:07:53 INFO  no build target found for C:\Users\Yukako\workspace\scala-study\Factorization.scala. Using presentation compiler with project's scala-library version: 3.3.6
2025.12.21 12:07:52 INFO  no build target found for C:\Users\Yukako\workspace\scala-study\Factorization.scala. Using presentation compiler with project's scala-library version: 3.3.6
2025.12.21 12:07:54 INFO  no build target found for C:\Users\Yukako\workspace\scala-study\Factorization.scala. Using presentation compiler with project's scala-library version: 3.3.6
2025.12.21 12:07:54 INFO  no build target found for C:\Users\Yukako\workspace\scala-study\Factorization.scala. Using presentation compiler with project's scala-library version: 3.3.6
2025.12.21 12:07:54 INFO  no build target found for C:\Users\Yukako\workspace\scala-study\Factorization.scala. Using presentation compiler with project's scala-library version: 3.3.6
2025.12.21 12:07:56 WARN  no build target for: C:\Users\Yukako\workspace\scala-study\Factorization.scala
2025.12.21 12:07:56 INFO  no build target found for C:\Users\Yukako\workspace\scala-study\Factorization.scala. Using presentation compiler with project's scala-library version: 3.3.6
2025.12.21 12:07:56 WARN  No build session currently active to reload. Attempting to reconnect.
2025.12.21 12:07:56 INFO  Attempting to connect to the build server...
12åé 21, 2025 12:08:00 åﬂå„ org.eclipse.lsp4j.jsonrpc.services.GenericEndpoint notify
èÓïÒ: Unsupported notification method: $/setTrace
2025.12.21 12:08:00 INFO  no build target found for C:\Users\Yukako\workspace\scala-study\Factorization.scala. Using presentation compiler with project's scala-library version: 3.3.6
2025.12.21 12:08:01 INFO  no build target found for C:\Users\Yukako\workspace\scala-study\Factorization.scala. Using presentation compiler with project's scala-library version: 3.3.6
2025.12.21 12:08:11 ERROR Failed to connect with build server, no functionality will work.
java.util.concurrent.TimeoutException: Future timed out after [15 seconds]
	at scala.concurrent.Future$.timeoutError(Future.scala:581)
	at scala.concurrent.impl.Promise$DefaultPromise.tryAwait0(Promise.scala:258)
	at scala.concurrent.impl.Promise$DefaultPromise.result(Promise.scala:271)
	at scala.concurrent.Await$.$anonfun$result$1(package.scala:208)
	at scala.concurrent.BlockContext$DefaultBlockContext$.blockOn(BlockContext.scala:62)
	at scala.concurrent.Await$.result(package.scala:125)
	at scala.meta.internal.metals.MetalsEnrichments$XtensionScalaFuture.$anonfun$withTimeout$1(MetalsEnrichments.scala:295)
	at scala.concurrent.Future$.$anonfun$apply$1(Future.scala:691)
	at scala.concurrent.impl.Promise$Transformation.run(Promise.scala:500)
	at java.util.concurrent.ThreadPoolExecutor.runWorker(ThreadPoolExecutor.java:1136)
	at java.util.concurrent.ThreadPoolExecutor$Worker.run(ThreadPoolExecutor.java:635)
	at java.lang.Thread.run(Thread.java:840)

2025.12.21 12:08:35 INFO  no build target found for C:\Users\Yukako\workspace\scala-study\Factorization.scala. Using presentation compiler with project's scala-library version: 3.3.6
12åé 21, 2025 12:08:41 åﬂå„ org.eclipse.lsp4j.jsonrpc.services.GenericEndpoint notify
èÓïÒ: Unsupported notification method: $/setTrace
2025.12.21 12:08:41 INFO  no build target found for C:\Users\Yukako\workspace\scala-study\Factorization.scala. Using presentation compiler with project's scala-library version: 3.3.6
12åé 21, 2025 12:08:45 åﬂå„ org.eclipse.lsp4j.jsonrpc.services.GenericEndpoint notify
èÓïÒ: Unsupported notification method: $/setTrace
2025.12.21 12:08:45 INFO  no build target found for C:\Users\Yukako\workspace\scala-study\Factorization.scala. Using presentation compiler with project's scala-library version: 3.3.6
12åé 21, 2025 12:08:48 åﬂå„ org.eclipse.lsp4j.jsonrpc.services.GenericEndpoint notify
èÓïÒ: Unsupported notification method: $/setTrace
2025.12.21 12:08:49 INFO  no build target found for C:\Users\Yukako\workspace\scala-study\Factorization.scala. Using presentation compiler with project's scala-library version: 3.3.6
12åé 21, 2025 12:11:39 åﬂå„ org.eclipse.lsp4j.jsonrpc.services.GenericEndpoint notify
èÓïÒ: Unsupported notification method: $/setTrace
2025.12.21 12:11:39 INFO  no build target found for C:\Users\Yukako\workspace\scala-study\Factorization.scala. Using presentation compiler with project's scala-library version: 3.3.6
2025.12.21 12:11:40 INFO  no build target found for C:\Users\Yukako\workspace\scala-study\Factorization.scala. Using presentation compiler with project's scala-library version: 3.3.6
2025.12.21 12:11:40 INFO  no build target found for C:\Users\Yukako\workspace\scala-study\Factorization.scala. Using presentation compiler with project's scala-library version: 3.3.6
2025.12.21 12:13:40 INFO  no build target found for C:\Users\Yukako\workspace\scala-study\Factorization.scala. Using presentation compiler with project's scala-library version: 3.3.6
2025.12.21 12:15:37 INFO  no build target found for C:\Users\Yukako\workspace\scala-study\Factorization.scala. Using presentation compiler with project's scala-library version: 3.3.6
2025.12.21 12:15:37 INFO  no build target found for C:\Users\Yukako\workspace\scala-study\Factorization.scala. Using presentation compiler with project's scala-library version: 3.3.6
2025.12.21 12:15:38 INFO  no build target found for C:\Users\Yukako\workspace\scala-study\Factorization.scala. Using presentation compiler with project's scala-library version: 3.3.6
2025.12.21 12:16:10 INFO  no build target found for C:\Users\Yukako\workspace\scala-study\Factorization.scala. Using presentation compiler with project's scala-library version: 3.3.6
2025.12.21 12:18:05 INFO  no build target found for C:\Users\Yukako\workspace\scala-study\Factorization.scala. Using presentation compiler with project's scala-library version: 3.3.6
2025.12.21 12:18:05 WARN  no build target for: C:\Users\Yukako\workspace\scala-study\Main.scala
2025.12.21 12:18:05 INFO  no build target found for C:\Users\Yukako\workspace\scala-study\Main.scala. Using presentation compiler with project's scala-library version: 3.3.6
2025.12.21 12:18:05 INFO  no build target found for C:\Users\Yukako\workspace\scala-study\Main.scala. Using presentation compiler with project's scala-library version: 3.3.6
2025.12.21 12:18:05 INFO  no build target found for C:\Users\Yukako\workspace\scala-study\Main.scala. Using presentation compiler with project's scala-library version: 3.3.6
2025.12.21 12:18:05 INFO  no build target found for C:\Users\Yukako\workspace\scala-study\Main.scala. Using presentation compiler with project's scala-library version: 3.3.6
2025.12.21 12:18:07 INFO  no build target found for C:\Users\Yukako\workspace\scala-study\RegexSearch.scala. Using presentation compiler with project's scala-library version: 3.3.6
2025.12.21 12:18:07 WARN  no build target for: C:\Users\Yukako\workspace\scala-study\RegexSearch.scala
2025.12.21 12:18:07 INFO  no build target found for C:\Users\Yukako\workspace\scala-study\RegexSearch.scala. Using presentation compiler with project's scala-library version: 3.3.6
2025.12.21 12:18:07 INFO  no build target found for C:\Users\Yukako\workspace\scala-study\RegexSearch.scala. Using presentation compiler with project's scala-library version: 3.3.6
2025.12.21 12:18:07 INFO  no build target found for C:\Users\Yukako\workspace\scala-study\RegexSearch.scala. Using presentation compiler with project's scala-library version: 3.3.6
2025.12.21 12:18:07 INFO  no build target found for C:\Users\Yukako\workspace\scala-study\RegexSearch.scala. Using presentation compiler with project's scala-library version: 3.3.6
2025.12.21 12:18:08 INFO  no build target found for C:\Users\Yukako\workspace\scala-study\RegexSearch.scala. Using presentation compiler with project's scala-library version: 3.3.6
2025.12.21 12:18:09 INFO  no build target found for C:\Users\Yukako\workspace\scala-study\RegexSearch.scala. Using presentation compiler with project's scala-library version: 3.3.6
2025.12.21 12:18:09 WARN  no build target for: C:\Users\Yukako\workspace\scala-study\SimpleSearch.scala
2025.12.21 12:18:09 INFO  no build target found for C:\Users\Yukako\workspace\scala-study\SimpleSearch.scala. Using presentation compiler with project's scala-library version: 3.3.6
2025.12.21 12:18:09 INFO  no build target found for C:\Users\Yukako\workspace\scala-study\SimpleSearch.scala. Using presentation compiler with project's scala-library version: 3.3.6
2025.12.21 12:18:09 INFO  no build target found for C:\Users\Yukako\workspace\scala-study\SimpleSearch.scala. Using presentation compiler with project's scala-library version: 3.3.6
2025.12.21 12:18:09 INFO  no build target found for C:\Users\Yukako\workspace\scala-study\SimpleSearch.scala. Using presentation compiler with project's scala-library version: 3.3.6
2025.12.21 12:18:09 INFO  no build target found for C:\Users\Yukako\workspace\scala-study\SimpleSearch.scala. Using presentation compiler with project's scala-library version: 3.3.6
2025.12.21 12:18:09 INFO  no build target found for C:\Users\Yukako\workspace\scala-study\SimpleSearch.scala. Using presentation compiler with project's scala-library version: 3.3.6
2025.12.21 12:18:10 INFO  no build target found for C:\Users\Yukako\workspace\scala-study\SimpleSearch.scala. Using presentation compiler with project's scala-library version: 3.3.6
2025.12.21 12:18:10 INFO  no build target found for C:\Users\Yukako\workspace\scala-study\SimpleSearch.scala. Using presentation compiler with project's scala-library version: 3.3.6
2025.12.21 12:18:11 INFO  no build target found for C:\Users\Yukako\workspace\scala-study\SimpleSearch.scala. Using presentation compiler with project's scala-library version: 3.3.6
2025.12.21 12:18:10 INFO  no build target found for C:\Users\Yukako\workspace\scala-study\SimpleSearch.scala. Using presentation compiler with project's scala-library version: 3.3.6
2025.12.21 12:20:36 INFO  no build target found for C:\Users\Yukako\workspace\scala-study\SimpleSearch.scala. Using presentation compiler with project's scala-library version: 3.3.6
2025.12.21 12:20:37 INFO  no build target found for C:\Users\Yukako\workspace\scala-study\SimpleSearch.scala. Using presentation compiler with project's scala-library version: 3.3.6
2025.12.21 12:20:37 INFO  no build target found for C:\Users\Yukako\workspace\scala-study\SimpleSearch.scala. Using presentation compiler with project's scala-library version: 3.3.6
2025.12.21 12:20:37 INFO  no build target found for C:\Users\Yukako\workspace\scala-study\SimpleSearch.scala. Using presentation compiler with project's scala-library version: 3.3.6
2025.12.21 12:20:39 INFO  no build target found for C:\Users\Yukako\workspace\scala-study\SimpleSearch.scala. Using presentation compiler with project's scala-library version: 3.3.6
2025.12.21 12:20:43 INFO  no build target found for C:\Users\Yukako\workspace\scala-study\SimpleSearch.scala. Using presentation compiler with project's scala-library version: 3.3.6
2025.12.21 12:20:43 INFO  no build target found for C:\Users\Yukako\workspace\scala-study\SimpleSearch.scala. Using presentation compiler with project's scala-library version: 3.3.6
2025.12.21 12:20:43 INFO  no build target found for C:\Users\Yukako\workspace\scala-study\SimpleSearch.scala. Using presentation compiler with project's scala-library version: 3.3.6
2025.12.21 12:20:45 INFO  no build target found for C:\Users\Yukako\workspace\scala-study\SimpleSearch.scala. Using presentation compiler with project's scala-library version: 3.3.6
Exception in thread "pool-121-thread-1" java.lang.InterruptedException
	at scala.meta.internal.metals.FutureCancelToken.checkCanceled(FutureCancelToken.scala:29)
	at scala.meta.internal.pc.CompilerAccess.onCompilerJobQueue$$anonfun$1(CompilerAccess.scala:244)
	at scala.meta.internal.pc.CompilerJobQueue$Job.run(CompilerJobQueue.scala:153)
	at java.base/java.util.concurrent.ThreadPoolExecutor.runWorker(ThreadPoolExecutor.java:1136)
	at java.base/java.util.concurrent.ThreadPoolExecutor$Worker.run(ThreadPoolExecutor.java:635)
	at java.base/java.lang.Thread.run(Thread.java:840)
2025.12.21 12:20:45 INFO  no build target found for C:\Users\Yukako\workspace\scala-study\SimpleSearch.scala. Using presentation compiler with project's scala-library version: 3.3.6
2025.12.21 12:20:45 INFO  no build target found for C:\Users\Yukako\workspace\scala-study\SimpleSearch.scala. Using presentation compiler with project's scala-library version: 3.3.6
2025.12.21 12:20:45 INFO  no build target found for C:\Users\Yukako\workspace\scala-study\SimpleSearch.scala. Using presentation compiler with project's scala-library version: 3.3.6
2025.12.21 12:20:46 INFO  no build target found for C:\Users\Yukako\workspace\scala-study\SimpleSearch.scala. Using presentation compiler with project's scala-library version: 3.3.6
2025.12.21 12:20:46 INFO  no build target found for C:\Users\Yukako\workspace\scala-study\SimpleSearch.scala. Using presentation compiler with project's scala-library version: 3.3.6
2025.12.21 12:21:40 INFO  no build target found for C:\Users\Yukako\workspace\scala-study\SimpleSearch.scala. Using presentation compiler with project's scala-library version: 3.3.6
2025.12.21 12:21:40 INFO  no build target found for C:\Users\Yukako\workspace\scala-study\SimpleSearch.scala. Using presentation compiler with project's scala-library version: 3.3.6
2025.12.21 12:25:30 INFO  no build target found for C:\Users\Yukako\workspace\scala-study\SimpleSearch.scala. Using presentation compiler with project's scala-library version: 3.3.6
2025.12.21 12:26:32 INFO  no build target found for C:\Users\Yukako\workspace\scala-study\SimpleSearch.scala. Using presentation compiler with project's scala-library version: 3.3.6
2025.12.21 12:26:32 INFO  no build target found for C:\Users\Yukako\workspace\scala-study\SimpleSearch.scala. Using presentation compiler with project's scala-library version: 3.3.6
2025.12.21 12:26:33 INFO  no build target found for C:\Users\Yukako\workspace\scala-study\SimpleSearch.scala. Using presentation compiler with project's scala-library version: 3.3.6
2025.12.21 12:26:33 INFO  no build target found for C:\Users\Yukako\workspace\scala-study\SimpleSearch.scala. Using presentation compiler with project's scala-library version: 3.3.6
2025.12.21 12:26:41 INFO  no build target found for C:\Users\Yukako\workspace\scala-study\SimpleSearch.scala. Using presentation compiler with project's scala-library version: 3.3.6
2025.12.21 12:26:44 INFO  no build target found for C:\Users\Yukako\workspace\scala-study\SimpleSearch.scala. Using presentation compiler with project's scala-library version: 3.3.6
2025.12.21 12:26:44 INFO  no build target found for C:\Users\Yukako\workspace\scala-study\SimpleSearch.scala. Using presentation compiler with project's scala-library version: 3.3.6
2025.12.21 12:26:44 INFO  no build target found for C:\Users\Yukako\workspace\scala-study\SimpleSearch.scala. Using presentation compiler with project's scala-library version: 3.3.6
2025.12.21 12:26:44 INFO  no build target found for C:\Users\Yukako\workspace\scala-study\SimpleSearch.scala. Using presentation compiler with project's scala-library version: 3.3.6
2025.12.21 12:26:45 INFO  no build target found for C:\Users\Yukako\workspace\scala-study\SimpleSearch.scala. Using presentation compiler with project's scala-library version: 3.3.6
2025.12.21 12:26:45 INFO  no build target found for C:\Users\Yukako\workspace\scala-study\SimpleSearch.scala. Using presentation compiler with project's scala-library version: 3.3.6
2025.12.21 12:26:47 INFO  no build target found for C:\Users\Yukako\workspace\scala-study\SimpleSearch.scala. Using presentation compiler with project's scala-library version: 3.3.6
2025.12.21 12:26:49 INFO  no build target found for C:\Users\Yukako\workspace\scala-study\SimpleSearch.scala. Using presentation compiler with project's scala-library version: 3.3.6
2025.12.21 12:27:22 INFO  no build target found for C:\Users\Yukako\workspace\scala-study\SimpleSearch.scala. Using presentation compiler with project's scala-library version: 3.3.6
2025.12.21 12:48:34 INFO  no build target found for C:\Users\Yukako\workspace\scala-study\SimpleSearch.scala. Using presentation compiler with project's scala-library version: 3.3.6
2025.12.21 12:48:37 INFO  no build target found for C:\Users\Yukako\workspace\scala-study\SimpleSearch.scala. Using presentation compiler with project's scala-library version: 3.3.6
2025.12.21 13:05:22 INFO  no build target found for C:\Users\Yukako\workspace\scala-study\SimpleSearch.scala. Using presentation compiler with project's scala-library version: 3.3.6
2025.12.21 13:05:22 INFO  no build target found for C:\Users\Yukako\workspace\scala-study\SimpleSearch.scala. Using presentation compiler with project's scala-library version: 3.3.6
2025.12.21 13:11:28 INFO  no build target found for C:\Users\Yukako\workspace\scala-study\SimpleSearch.scala. Using presentation compiler with project's scala-library version: 3.3.6
2025.12.21 13:11:28 INFO  no build target found for C:\Users\Yukako\workspace\scala-study\RegexSearch.scala. Using presentation compiler with project's scala-library version: 3.3.6
2025.12.21 13:11:28 WARN  no build target for: C:\Users\Yukako\workspace\scala-study\RegexSearch.scala
2025.12.21 13:11:28 INFO  no build target found for C:\Users\Yukako\workspace\scala-study\RegexSearch.scala. Using presentation compiler with project's scala-library version: 3.3.6
2025.12.21 13:11:28 INFO  no build target found for C:\Users\Yukako\workspace\scala-study\RegexSearch.scala. Using presentation compiler with project's scala-library version: 3.3.6
2025.12.21 13:11:28 INFO  no build target found for C:\Users\Yukako\workspace\scala-study\RegexSearch.scala. Using presentation compiler with project's scala-library version: 3.3.6
2025.12.21 13:11:29 INFO  no build target found for C:\Users\Yukako\workspace\scala-study\RegexSearch.scala. Using presentation compiler with project's scala-library version: 3.3.6
2025.12.21 13:11:29 INFO  time: code lens generation in 1.17s
2025.12.21 13:23:39 INFO  no build target found for C:\Users\Yukako\workspace\scala-study\RegexSearch.scala. Using presentation compiler with project's scala-library version: 3.3.6
2025.12.21 13:23:40 INFO  no build target found for C:\Users\Yukako\workspace\scala-study\SimpleSearch.scala. Using presentation compiler with project's scala-library version: 3.3.6
2025.12.21 13:23:40 WARN  no build target for: C:\Users\Yukako\workspace\scala-study\SimpleSearch.scala
2025.12.21 13:23:39 INFO  no build target found for C:\Users\Yukako\workspace\scala-study\SimpleSearch.scala. Using presentation compiler with project's scala-library version: 3.3.6
2025.12.21 13:23:40 INFO  no build target found for C:\Users\Yukako\workspace\scala-study\SimpleSearch.scala. Using presentation compiler with project's scala-library version: 3.3.6
12åé 21, 2025 1:23:40 åﬂå„ org.eclipse.lsp4j.jsonrpc.RemoteEndpoint handleCancellation
åxçê: Unmatched cancel notification for request id 415
2025.12.21 13:23:39 INFO  no build target found for C:\Users\Yukako\workspace\scala-study\SimpleSearch.scala. Using presentation compiler with project's scala-library version: 3.3.6
2025.12.21 13:23:40 INFO  no build target found for C:\Users\Yukako\workspace\scala-study\SimpleSearch.scala. Using presentation compiler with project's scala-library version: 3.3.6
2025.12.21 13:23:40 INFO  no build target found for C:\Users\Yukako\workspace\scala-study\SimpleSearch.scala. Using presentation compiler with project's scala-library version: 3.3.6
2025.12.21 13:23:42 INFO  no build target found for C:\Users\Yukako\workspace\scala-study\SimpleSearch.scala. Using presentation compiler with project's scala-library version: 3.3.6
2025.12.21 13:24:07 INFO  no build target found for C:\Users\Yukako\workspace\scala-study\SimpleSearch.scala. Using presentation compiler with project's scala-library version: 3.3.6
2025.12.21 13:37:19 INFO  no build target found for C:\Users\Yukako\workspace\scala-study\SimpleSearch.scala. Using presentation compiler with project's scala-library version: 3.3.6
2025.12.21 13:43:22 INFO  Shutting down server
2025.12.21 13:43:22 INFO  shutting down Metals
2025.12.21 13:43:22 INFO  Exiting server
